2025-05-15 14:54:59,206 - kpi_ofa - ERROR - Errore durante l'esecuzione del test: name 'log_manager' is not defined
2025-05-15 14:56:53,236 - kpi_ofa - ERROR - Errore durante l'esecuzione del test: name 'log_manager' is not defined
2025-05-15 14:59:38,913 - kpi_ofa - INFO - Applicazione avviata da main.py
2025-05-15 15:00:23,579 - kpi_ofa - ERROR - Errore durante l'esecuzione del test: name 'log_manager' is not defined
2025-05-15 15:05:44,357 - kpi_ofa - INFO - Applicazione avviata da main.py
2025-05-15 15:10:19,840 - kpi_ofa - INFO - Applicazione avviata da main.py
2025-05-15 15:10:23,390 - kpi_ofa - INFO - Configurazione dell'ambiente di test...
2025-05-15 15:10:23,395 - kpi_ofa - INFO - Directory temporanea creata: C:\Users\a259046\AppData\Local\Temp\kpi_ofa_test_s8y_9nva
2025-05-15 15:10:23,401 - kpi_ofa - INFO - File di configurazione creato: C:\Users\a259046\AppData\Local\Temp\kpi_ofa_test_s8y_9nva\config.json
2025-05-15 15:10:23,967 - kpi_ofa - INFO - File Excel di test creato: C:\Users\a259046\AppData\Local\Temp\kpi_ofa_test_s8y_9nva\test_data.xlsx
2025-05-15 15:10:23,996 - kpi_ofa.core.config_manager - INFO - Configurazione caricata con successo.
2025-05-15 15:10:23,996 - kpi_ofa.core.config_manager - INFO - ConfigManager inizializzato. File di configurazione: C:\Users\a259046\AppData\Local\Temp\kpi_ofa_test_s8y_9nva\config.json
2025-05-15 15:10:31,390 - kpi_ofa.ui.widgets.date_widget - DEBUG - Intervallo date cambiato: 15/05/2025 - 22/05/2025
2025-05-15 15:10:31,390 - kpi_ofa.ui.widgets.date_widget - DEBUG - DateRangeWidget inizializzato
2025-05-15 15:10:31,401 - kpi_ofa - INFO - DataProcessor inizializzato
2025-05-15 15:10:31,445 - kpi_ofa.ui.widgets.log_widget - INFO - DataProcessor inizializzato
2025-05-15 15:10:31,447 - kpi_ofa - INFO - Sistema pronto!
2025-05-15 15:10:31,450 - kpi_ofa.ui.widgets.log_widget - INFO - Sistema pronto!
2025-05-15 15:16:30,178 - kpi_ofa - INFO - Applicazione avviata da main.py
2025-05-15 15:16:33,414 - kpi_ofa - INFO - Configurazione dell'ambiente di test...
2025-05-15 15:16:33,420 - kpi_ofa - INFO - Directory temporanea creata: C:\Users\a259046\AppData\Local\Temp\kpi_ofa_test_4zjyw1x4
2025-05-15 15:16:33,424 - kpi_ofa - INFO - File di configurazione creato: C:\Users\a259046\AppData\Local\Temp\kpi_ofa_test_4zjyw1x4\config.json
2025-05-15 15:16:33,899 - kpi_ofa - INFO - File Excel di test creato: C:\Users\a259046\AppData\Local\Temp\kpi_ofa_test_4zjyw1x4\test_data.xlsx
2025-05-15 15:16:33,927 - kpi_ofa.core.config_manager - INFO - Configurazione caricata con successo.
2025-05-15 15:16:33,927 - kpi_ofa.core.config_manager - INFO - ConfigManager inizializzato. File di configurazione: C:\Users\a259046\AppData\Local\Temp\kpi_ofa_test_4zjyw1x4\config.json
2025-05-15 15:16:39,434 - kpi_ofa.ui.widgets.date_widget - DEBUG - Intervallo date cambiato: 15/05/2025 - 22/05/2025
2025-05-15 15:16:40,474 - kpi_ofa.ui.widgets.date_widget - DEBUG - DateRangeWidget inizializzato
2025-05-15 15:16:43,100 - kpi_ofa - INFO - DataProcessor inizializzato
2025-05-15 15:16:43,134 - kpi_ofa.ui.widgets.log_widget - INFO - DataProcessor inizializzato
2025-05-15 15:16:43,135 - kpi_ofa - INFO - Sistema pronto!
2025-05-15 15:16:43,136 - kpi_ofa.ui.widgets.log_widget - INFO - Sistema pronto!
2025-05-15 15:17:34,158 - kpi_ofa.ui.config_dialog - INFO - Configurazione caricata nei controlli
2025-05-15 15:17:34,159 - kpi_ofa.ui.config_dialog - INFO - Finestra di configurazione inizializzata
2025-05-15 15:17:48,859 - kpi_ofa.core.config_manager - INFO - Configurazione salvata con successo.
2025-05-15 15:17:51,778 - kpi_ofa - INFO - Configurazione salvata con successo
2025-05-15 15:17:51,806 - kpi_ofa.ui.widgets.log_widget - INFO - Configurazione salvata con successo
2025-05-15 15:17:51,806 - kpi_ofa.ui.config_dialog - INFO - Configurazione salvata con successo
2025-05-15 15:17:51,812 - kpi_ofa - INFO - Configurazione aggiornata
2025-05-15 15:17:51,814 - kpi_ofa.ui.widgets.log_widget - INFO - Configurazione aggiornata
2025-05-15 15:31:26,351 - kpi_ofa.ui.config_dialog - INFO - Configurazione caricata nei controlli
2025-05-15 15:31:26,351 - kpi_ofa.ui.config_dialog - INFO - Finestra di configurazione inizializzata
2025-05-15 15:31:34,204 - kpi_ofa - INFO - Configurazione non modificata
2025-05-15 15:31:34,206 - kpi_ofa.ui.widgets.log_widget - INFO - Configurazione non modificata
2025-05-15 15:31:50,204 - kpi_ofa.ui.config_dialog - INFO - Configurazione caricata nei controlli
2025-05-15 15:31:50,204 - kpi_ofa.ui.config_dialog - INFO - Finestra di configurazione inizializzata
2025-05-15 15:32:02,460 - kpi_ofa - INFO - Rimosso prefisso 'CLE' dalla tecnologia BESS
2025-05-15 15:32:02,463 - kpi_ofa.ui.widgets.log_widget - INFO - Rimosso prefisso 'CLE' dalla tecnologia BESS
2025-05-15 15:32:02,463 - kpi_ofa.ui.config_dialog - INFO - Rimosso prefisso 'CLE' dalla tecnologia BESS
2025-05-15 15:32:09,968 - kpi_ofa - INFO - Aggiunto prefisso 'CLE' alla tecnologia BESS
2025-05-15 15:32:09,970 - kpi_ofa.ui.widgets.log_widget - INFO - Aggiunto prefisso 'CLE' alla tecnologia BESS
2025-05-15 15:32:09,971 - kpi_ofa.ui.config_dialog - INFO - Aggiunto prefisso 'CLE' alla tecnologia BESS
2025-05-15 15:32:13,721 - kpi_ofa - INFO - Non sono state apportate modifiche alla configurazione
2025-05-15 15:32:13,723 - kpi_ofa.ui.widgets.log_widget - INFO - Non sono state apportate modifiche alla configurazione
2025-05-15 15:32:13,724 - kpi_ofa.ui.config_dialog - INFO - Non sono state apportate modifiche alla configurazione
2025-05-15 15:32:13,730 - kpi_ofa - INFO - Configurazione aggiornata
2025-05-15 15:32:13,733 - kpi_ofa.ui.widgets.log_widget - INFO - Configurazione aggiornata
2025-05-15 15:59:52,421 - kpi_ofa - INFO - Applicazione avviata da main.py
2025-05-15 16:01:11,421 - kpi_ofa - INFO - Configurazione dell'ambiente di test...
2025-05-15 16:01:11,426 - kpi_ofa - INFO - Directory temporanea creata: C:\Users\a259046\AppData\Local\Temp\kpi_ofa_test_dr3p0_wj
2025-05-15 16:01:11,438 - kpi_ofa - INFO - File di configurazione creato: C:\Users\a259046\AppData\Local\Temp\kpi_ofa_test_dr3p0_wj\config.json
2025-05-15 16:01:12,158 - kpi_ofa - INFO - File Excel di test creato: C:\Users\a259046\AppData\Local\Temp\kpi_ofa_test_dr3p0_wj\test_data.xlsx
2025-05-15 16:01:12,202 - kpi_ofa.core.config_manager - INFO - Configurazione caricata con successo.
2025-05-15 16:01:12,203 - kpi_ofa.core.config_manager - INFO - ConfigManager inizializzato. File di configurazione: C:\Users\a259046\AppData\Local\Temp\kpi_ofa_test_dr3p0_wj\config.json
2025-05-15 16:01:28,171 - kpi_ofa.ui.widgets.date_widget - DEBUG - Intervallo date cambiato: 15/05/2025 - 22/05/2025
2025-05-15 16:01:28,172 - kpi_ofa.ui.widgets.date_widget - DEBUG - DateRangeWidget inizializzato
2025-05-15 16:01:28,181 - kpi_ofa - INFO - DataProcessor inizializzato
2025-05-15 16:01:28,218 - kpi_ofa.ui.widgets.log_widget - INFO - DataProcessor inizializzato
2025-05-15 16:01:28,219 - kpi_ofa - INFO - Sistema pronto!
2025-05-15 16:01:28,221 - kpi_ofa.ui.widgets.log_widget - INFO - Sistema pronto!
2025-05-15 16:01:43,238 - kpi_ofa - INFO - Selezionato file excel: attivita_utenti_dal_01-04-25_al_29-04-25.xlsx
2025-05-15 16:01:43,242 - kpi_ofa.ui.widgets.log_widget - INFO - Selezionato file excel: attivita_utenti_dal_01-04-25_al_29-04-25.xlsx
2025-05-15 16:01:43,243 - kpi_ofa - INFO - Verifico file excel
2025-05-15 16:01:43,273 - kpi_ofa.ui.widgets.log_widget - INFO - Verifico file excel
2025-05-15 16:01:43,273 - kpi_ofa - INFO - Elaborazione del file Excel: C:/Users/a259046/OneDrive - Enel Spa/SCRIPT AHK e VBA/GITHUB/KPI_OFA/data/attivita_utenti_dal_01-04-25_al_29-04-25.xlsx
2025-05-15 16:01:43,276 - kpi_ofa.ui.widgets.log_widget - INFO - Elaborazione del file Excel: C:/Users/a259046/OneDrive - Enel Spa/SCRIPT AHK e VBA/GITHUB/KPI_OFA/data/attivita_utenti_dal_01-04-25_al_29-04-25.xlsx
2025-05-15 16:01:43,277 - kpi_ofa - INFO - Verifica struttura file Excel
2025-05-15 16:01:43,278 - kpi_ofa.ui.widgets.log_widget - INFO - Verifica struttura file Excel
2025-05-15 16:01:43,279 - kpi_ofa - INFO - Verifica del file Excel: C:/Users/a259046/OneDrive - Enel Spa/SCRIPT AHK e VBA/GITHUB/KPI_OFA/data/attivita_utenti_dal_01-04-25_al_29-04-25.xlsx
2025-05-15 16:01:43,281 - kpi_ofa.ui.widgets.log_widget - INFO - Verifica del file Excel: C:/Users/a259046/OneDrive - Enel Spa/SCRIPT AHK e VBA/GITHUB/KPI_OFA/data/attivita_utenti_dal_01-04-25_al_29-04-25.xlsx
2025-05-15 16:01:43,801 - kpi_ofa - INFO - Sheet presenti nel file: OnFieldApp.trace_kpi_user_actio
2025-05-15 16:01:43,807 - kpi_ofa.ui.widgets.log_widget - INFO - Sheet presenti nel file: OnFieldApp.trace_kpi_user_actio
2025-05-15 16:01:43,807 - kpi_ofa - INFO - Sheet 'OnFieldApp.trace_kpi_user_actio' trovato nel file
2025-05-15 16:01:43,810 - kpi_ofa.ui.widgets.log_widget - INFO - Sheet 'OnFieldApp.trace_kpi_user_actio' trovato nel file
2025-05-15 16:01:46,934 - kpi_ofa - INFO - Colonne presenti nel file: user, creationDate, country, tecnology, action, idItem, functionalLocation
2025-05-15 16:01:46,936 - kpi_ofa.ui.widgets.log_widget - INFO - Colonne presenti nel file: user, creationDate, country, tecnology, action, idItem, functionalLocation
2025-05-15 16:01:46,936 - kpi_ofa - INFO - File valido: 61121 righe trovate
2025-05-15 16:01:46,938 - kpi_ofa.ui.widgets.log_widget - INFO - File valido: 61121 righe trovate
2025-05-15 16:01:46,938 - kpi_ofa - INFO - Struttura file Excel verificata con successo
2025-05-15 16:01:46,939 - kpi_ofa.ui.widgets.log_widget - INFO - Struttura file Excel verificata con successo
2025-05-15 16:01:46,939 - kpi_ofa - INFO - Normalizzazione degli idItem
2025-05-15 16:01:46,940 - kpi_ofa.ui.widgets.log_widget - INFO - Normalizzazione degli idItem
2025-05-15 16:01:46,940 - kpi_ofa - INFO - Normalizzazione della colonna idItem del DataFrame
2025-05-15 16:01:46,942 - kpi_ofa.ui.widgets.log_widget - INFO - Normalizzazione della colonna idItem del DataFrame
2025-05-15 16:01:46,942 - kpi_ofa - INFO - Presenti 61121 idItem nel DataFrame
2025-05-15 16:01:46,944 - kpi_ofa.ui.widgets.log_widget - INFO - Presenti 61121 idItem nel DataFrame
2025-05-15 16:01:46,960 - kpi_ofa - WARNING - Rimossi 194 valori nulli
2025-05-15 16:01:46,984 - kpi_ofa.ui.widgets.log_widget - WARNING - Rimossi 194 valori nulli
2025-05-15 16:01:47,033 - kpi_ofa - INFO - Rimossi 55220 valori duplicati
2025-05-15 16:01:47,035 - kpi_ofa.ui.widgets.log_widget - INFO - Rimossi 55220 valori duplicati
2025-05-15 16:01:47,036 - kpi_ofa - INFO - Estratti 5707 idItem unici come valori interi
2025-05-15 16:01:47,037 - kpi_ofa.ui.widgets.log_widget - INFO - Estratti 5707 idItem unici come valori interi
2025-05-15 16:01:47,037 - kpi_ofa - INFO - 55414 righe eliminate durante la normalizzazione
2025-05-15 16:01:47,039 - kpi_ofa.ui.widgets.log_widget - INFO - 55414 righe eliminate durante la normalizzazione
2025-05-15 16:01:47,039 - kpi_ofa - INFO - Estrazione degli Avvisi di Manutenzione (AdM)
2025-05-15 16:01:47,040 - kpi_ofa.ui.widgets.log_widget - INFO - Estrazione degli Avvisi di Manutenzione (AdM)
2025-05-15 16:01:47,040 - kpi_ofa - INFO - Estrazione AdM - Presenti 5707 idItem nel DataFrame
2025-05-15 16:01:47,042 - kpi_ofa.ui.widgets.log_widget - INFO - Estrazione AdM - Presenti 5707 idItem nel DataFrame
2025-05-15 16:01:47,045 - kpi_ofa - INFO - Presenti 5707 idItem numerici nel DataFrame
2025-05-15 16:01:47,048 - kpi_ofa.ui.widgets.log_widget - INFO - Presenti 5707 idItem numerici nel DataFrame
2025-05-15 16:01:47,050 - kpi_ofa - INFO - Filtrati 1920 record con idItem < 2000000000 su 5707 totali
2025-05-15 16:01:47,052 - kpi_ofa.ui.widgets.log_widget - INFO - Filtrati 1920 record con idItem < 2000000000 su 5707 totali
2025-05-15 16:01:47,052 - kpi_ofa - INFO - AdM estratti: 1920
2025-05-15 16:01:47,053 - kpi_ofa.ui.widgets.log_widget - INFO - AdM estratti: 1920
2025-05-15 16:01:47,054 - kpi_ofa - INFO - Estrazione degli Ordini di Manutenzione (OdM)
2025-05-15 16:01:47,055 - kpi_ofa.ui.widgets.log_widget - INFO - Estrazione degli Ordini di Manutenzione (OdM)
2025-05-15 16:01:47,055 - kpi_ofa - INFO - Estrazione OdM - Presenti 5707 idItem nel DataFrame
2025-05-15 16:01:47,057 - kpi_ofa.ui.widgets.log_widget - INFO - Estrazione OdM - Presenti 5707 idItem nel DataFrame
2025-05-15 16:01:47,059 - kpi_ofa - INFO - Presenti 5707 idItem numerici nel DataFrame
2025-05-15 16:01:47,062 - kpi_ofa.ui.widgets.log_widget - INFO - Presenti 5707 idItem numerici nel DataFrame
2025-05-15 16:01:47,062 - kpi_ofa - INFO - Filtrati 3787 record con idItem >= 2000000000 su 5707 totali
2025-05-15 16:01:47,064 - kpi_ofa.ui.widgets.log_widget - INFO - Filtrati 3787 record con idItem >= 2000000000 su 5707 totali
2025-05-15 16:01:47,065 - kpi_ofa - INFO - OdM estratti: 3787
2025-05-15 16:01:47,067 - kpi_ofa.ui.widgets.log_widget - INFO - OdM estratti: 3787
2025-05-15 16:01:47,067 - kpi_ofa - INFO - File Excel elaborato con successo
2025-05-15 16:01:47,069 - kpi_ofa.ui.widgets.log_widget - INFO - File Excel elaborato con successo
2025-05-15 16:05:37,015 - kpi_ofa - INFO - Applicazione avviata da main.py
2025-05-15 16:05:39,786 - kpi_ofa - INFO - Configurazione dell'ambiente di test...
2025-05-15 16:05:39,791 - kpi_ofa - INFO - Directory temporanea creata: C:\Users\a259046\AppData\Local\Temp\kpi_ofa_test_n_0a3yl0
2025-05-15 16:05:39,797 - kpi_ofa - INFO - File di configurazione creato: C:\Users\a259046\AppData\Local\Temp\kpi_ofa_test_n_0a3yl0\config.json
2025-05-15 16:05:40,333 - kpi_ofa - INFO - File Excel di test creato: C:\Users\a259046\AppData\Local\Temp\kpi_ofa_test_n_0a3yl0\test_data.xlsx
2025-05-15 16:05:40,362 - kpi_ofa.core.config_manager - INFO - Configurazione caricata con successo.
2025-05-15 16:05:40,363 - kpi_ofa.core.config_manager - INFO - ConfigManager inizializzato. File di configurazione: C:\Users\a259046\AppData\Local\Temp\kpi_ofa_test_n_0a3yl0\config.json
2025-05-15 16:05:43,738 - kpi_ofa.ui.widgets.date_widget - DEBUG - Intervallo date cambiato: 15/05/2025 - 22/05/2025
2025-05-15 16:05:43,739 - kpi_ofa.ui.widgets.date_widget - DEBUG - DateRangeWidget inizializzato
2025-05-15 16:05:43,746 - kpi_ofa - INFO - DataProcessor inizializzato
2025-05-15 16:05:43,784 - kpi_ofa.ui.widgets.log_widget - INFO - DataProcessor inizializzato
2025-05-15 16:05:43,785 - kpi_ofa - INFO - Sistema pronto!
2025-05-15 16:05:43,788 - kpi_ofa.ui.widgets.log_widget - INFO - Sistema pronto!
2025-05-15 16:09:53,427 - kpi_ofa - INFO - Selezionato file excel: attivita_utenti_dal_01-04-25_al_29-04-25.xlsx
2025-05-15 16:09:53,431 - kpi_ofa.ui.widgets.log_widget - INFO - Selezionato file excel: attivita_utenti_dal_01-04-25_al_29-04-25.xlsx
2025-05-15 16:09:53,432 - kpi_ofa - INFO - Verifico file excel
2025-05-15 16:09:53,462 - kpi_ofa.ui.widgets.log_widget - INFO - Verifico file excel
2025-05-15 16:09:53,463 - kpi_ofa - INFO - Elaborazione del file Excel: C:/Users/a259046/OneDrive - Enel Spa/SCRIPT AHK e VBA/GITHUB/KPI_OFA/data/attivita_utenti_dal_01-04-25_al_29-04-25.xlsx
2025-05-15 16:09:53,465 - kpi_ofa.ui.widgets.log_widget - INFO - Elaborazione del file Excel: C:/Users/a259046/OneDrive - Enel Spa/SCRIPT AHK e VBA/GITHUB/KPI_OFA/data/attivita_utenti_dal_01-04-25_al_29-04-25.xlsx
2025-05-15 16:09:53,466 - kpi_ofa - INFO - Verifica struttura file Excel
2025-05-15 16:09:53,467 - kpi_ofa.ui.widgets.log_widget - INFO - Verifica struttura file Excel
2025-05-15 16:09:53,467 - kpi_ofa - INFO - Verifica del file Excel: C:/Users/a259046/OneDrive - Enel Spa/SCRIPT AHK e VBA/GITHUB/KPI_OFA/data/attivita_utenti_dal_01-04-25_al_29-04-25.xlsx
2025-05-15 16:09:53,469 - kpi_ofa.ui.widgets.log_widget - INFO - Verifica del file Excel: C:/Users/a259046/OneDrive - Enel Spa/SCRIPT AHK e VBA/GITHUB/KPI_OFA/data/attivita_utenti_dal_01-04-25_al_29-04-25.xlsx
2025-05-15 16:09:53,964 - kpi_ofa - INFO - Sheet presenti nel file: OnFieldApp.trace_kpi_user_actio
2025-05-15 16:09:53,967 - kpi_ofa.ui.widgets.log_widget - INFO - Sheet presenti nel file: OnFieldApp.trace_kpi_user_actio
2025-05-15 16:09:53,967 - kpi_ofa - INFO - Sheet 'OnFieldApp.trace_kpi_user_actio' trovato nel file
2025-05-15 16:09:53,968 - kpi_ofa.ui.widgets.log_widget - INFO - Sheet 'OnFieldApp.trace_kpi_user_actio' trovato nel file
2025-05-15 16:09:57,058 - kpi_ofa - INFO - Colonne presenti nel file: user, creationDate, country, tecnology, action, idItem, functionalLocation
2025-05-15 16:09:57,061 - kpi_ofa.ui.widgets.log_widget - INFO - Colonne presenti nel file: user, creationDate, country, tecnology, action, idItem, functionalLocation
2025-05-15 16:09:57,062 - kpi_ofa - INFO - File valido: 61121 righe trovate
2025-05-15 16:09:57,063 - kpi_ofa.ui.widgets.log_widget - INFO - File valido: 61121 righe trovate
2025-05-15 16:09:57,063 - kpi_ofa - INFO - Struttura file Excel verificata con successo
2025-05-15 16:09:57,064 - kpi_ofa.ui.widgets.log_widget - INFO - Struttura file Excel verificata con successo
2025-05-15 16:09:57,064 - kpi_ofa - INFO - Normalizzazione degli idItem
2025-05-15 16:09:57,065 - kpi_ofa.ui.widgets.log_widget - INFO - Normalizzazione degli idItem
2025-05-15 16:09:57,065 - kpi_ofa - INFO - Normalizzazione della colonna idItem del DataFrame
2025-05-15 16:09:57,067 - kpi_ofa.ui.widgets.log_widget - INFO - Normalizzazione della colonna idItem del DataFrame
2025-05-15 16:09:57,067 - kpi_ofa - INFO - Presenti 61121 idItem nel DataFrame
2025-05-15 16:09:57,069 - kpi_ofa.ui.widgets.log_widget - INFO - Presenti 61121 idItem nel DataFrame
2025-05-15 16:09:57,084 - kpi_ofa - WARNING - Rimossi 194 valori nulli
2025-05-15 16:09:57,090 - kpi_ofa.ui.widgets.log_widget - WARNING - Rimossi 194 valori nulli
2025-05-15 16:09:57,139 - kpi_ofa - INFO - Rimossi 55220 valori duplicati
2025-05-15 16:09:57,141 - kpi_ofa.ui.widgets.log_widget - INFO - Rimossi 55220 valori duplicati
2025-05-15 16:09:57,142 - kpi_ofa - INFO - Estratti 5707 idItem unici come valori interi
2025-05-15 16:09:57,143 - kpi_ofa.ui.widgets.log_widget - INFO - Estratti 5707 idItem unici come valori interi
2025-05-15 16:09:57,143 - kpi_ofa - INFO - 55414 righe eliminate durante la normalizzazione
2025-05-15 16:09:57,145 - kpi_ofa.ui.widgets.log_widget - INFO - 55414 righe eliminate durante la normalizzazione
2025-05-15 16:09:57,145 - kpi_ofa - INFO - Estrazione degli Avvisi di Manutenzione (AdM)
2025-05-15 16:09:57,146 - kpi_ofa.ui.widgets.log_widget - INFO - Estrazione degli Avvisi di Manutenzione (AdM)
2025-05-15 16:09:57,146 - kpi_ofa - INFO - Estrazione AdM - Presenti 5707 idItem nel DataFrame
2025-05-15 16:09:57,147 - kpi_ofa.ui.widgets.log_widget - INFO - Estrazione AdM - Presenti 5707 idItem nel DataFrame
2025-05-15 16:09:57,151 - kpi_ofa - INFO - Presenti 5707 idItem numerici nel DataFrame
2025-05-15 16:09:57,153 - kpi_ofa.ui.widgets.log_widget - INFO - Presenti 5707 idItem numerici nel DataFrame
2025-05-15 16:09:57,155 - kpi_ofa - INFO - Filtrati 1920 record con idItem < 2000000000 su 5707 totali
2025-05-15 16:09:57,157 - kpi_ofa.ui.widgets.log_widget - INFO - Filtrati 1920 record con idItem < 2000000000 su 5707 totali
2025-05-15 16:09:57,157 - kpi_ofa - INFO - AdM estratti: 1920
2025-05-15 16:09:57,158 - kpi_ofa.ui.widgets.log_widget - INFO - AdM estratti: 1920
2025-05-15 16:09:57,158 - kpi_ofa - INFO - Estrazione degli Ordini di Manutenzione (OdM)
2025-05-15 16:09:57,160 - kpi_ofa.ui.widgets.log_widget - INFO - Estrazione degli Ordini di Manutenzione (OdM)
2025-05-15 16:09:57,160 - kpi_ofa - INFO - Estrazione OdM - Presenti 5707 idItem nel DataFrame
2025-05-15 16:09:57,162 - kpi_ofa.ui.widgets.log_widget - INFO - Estrazione OdM - Presenti 5707 idItem nel DataFrame
2025-05-15 16:09:57,164 - kpi_ofa - INFO - Presenti 5707 idItem numerici nel DataFrame
2025-05-15 16:09:57,167 - kpi_ofa.ui.widgets.log_widget - INFO - Presenti 5707 idItem numerici nel DataFrame
2025-05-15 16:09:57,167 - kpi_ofa - INFO - Filtrati 3787 record con idItem >= 2000000000 su 5707 totali
2025-05-15 16:09:57,169 - kpi_ofa.ui.widgets.log_widget - INFO - Filtrati 3787 record con idItem >= 2000000000 su 5707 totali
2025-05-15 16:09:57,169 - kpi_ofa - INFO - OdM estratti: 3787
2025-05-15 16:09:57,171 - kpi_ofa.ui.widgets.log_widget - INFO - OdM estratti: 3787
2025-05-15 16:09:57,171 - kpi_ofa - INFO - File Excel elaborato con successo
2025-05-15 16:09:57,173 - kpi_ofa.ui.widgets.log_widget - INFO - File Excel elaborato con successo
2025-05-15 16:30:09,829 - kpi_ofa - INFO - Applicazione avviata da main.py
2025-05-15 16:30:16,973 - kpi_ofa - INFO - Configurazione dell'ambiente di test...
2025-05-15 16:30:16,977 - kpi_ofa - INFO - Directory temporanea creata: C:\Users\a259046\AppData\Local\Temp\kpi_ofa_test_qctvu1id
2025-05-15 16:30:16,982 - kpi_ofa - INFO - File di configurazione creato: C:\Users\a259046\AppData\Local\Temp\kpi_ofa_test_qctvu1id\config.json
2025-05-15 16:30:17,598 - kpi_ofa - INFO - File Excel di test creato: C:\Users\a259046\AppData\Local\Temp\kpi_ofa_test_qctvu1id\test_data.xlsx
2025-05-15 16:30:17,633 - kpi_ofa.core.config_manager - INFO - Configurazione caricata con successo.
2025-05-15 16:30:17,633 - kpi_ofa.core.config_manager - INFO - ConfigManager inizializzato. File di configurazione: C:\Users\a259046\AppData\Local\Temp\kpi_ofa_test_qctvu1id\config.json
2025-05-15 16:30:46,286 - kpi_ofa.ui.widgets.date_widget - DEBUG - Intervallo date cambiato: 15/05/2025 - 22/05/2025
2025-05-15 16:30:46,287 - kpi_ofa.ui.widgets.date_widget - DEBUG - DateRangeWidget inizializzato
2025-05-15 16:30:46,295 - kpi_ofa - INFO - DataProcessor inizializzato
2025-05-15 16:30:46,339 - kpi_ofa.ui.widgets.log_widget - INFO - DataProcessor inizializzato
2025-05-15 16:30:46,340 - kpi_ofa - INFO - Sistema pronto!
2025-05-15 16:30:46,342 - kpi_ofa.ui.widgets.log_widget - INFO - Sistema pronto!
2025-05-15 16:31:14,240 - kpi_ofa - INFO - Selezionato file excel: attivita_utenti_dal_01-04-25_al_29-04-25.xlsx
2025-05-15 16:31:14,244 - kpi_ofa.ui.widgets.log_widget - INFO - Selezionato file excel: attivita_utenti_dal_01-04-25_al_29-04-25.xlsx
2025-05-15 16:31:14,245 - kpi_ofa - INFO - Verifico file excel
2025-05-15 16:31:14,278 - kpi_ofa.ui.widgets.log_widget - INFO - Verifico file excel
2025-05-15 16:31:14,279 - kpi_ofa - INFO - Elaborazione del file Excel: C:/Users/a259046/OneDrive - Enel Spa/SCRIPT AHK e VBA/GITHUB/KPI_OFA/data/attivita_utenti_dal_01-04-25_al_29-04-25.xlsx
2025-05-15 16:31:14,281 - kpi_ofa.ui.widgets.log_widget - INFO - Elaborazione del file Excel: C:/Users/a259046/OneDrive - Enel Spa/SCRIPT AHK e VBA/GITHUB/KPI_OFA/data/attivita_utenti_dal_01-04-25_al_29-04-25.xlsx
2025-05-15 16:31:14,282 - kpi_ofa - INFO - Verifica struttura file Excel
2025-05-15 16:31:14,283 - kpi_ofa.ui.widgets.log_widget - INFO - Verifica struttura file Excel
2025-05-15 16:31:14,283 - kpi_ofa - INFO - Verifica del file Excel: C:/Users/a259046/OneDrive - Enel Spa/SCRIPT AHK e VBA/GITHUB/KPI_OFA/data/attivita_utenti_dal_01-04-25_al_29-04-25.xlsx
2025-05-15 16:31:14,288 - kpi_ofa.ui.widgets.log_widget - INFO - Verifica del file Excel: C:/Users/a259046/OneDrive - Enel Spa/SCRIPT AHK e VBA/GITHUB/KPI_OFA/data/attivita_utenti_dal_01-04-25_al_29-04-25.xlsx
2025-05-15 16:31:14,796 - kpi_ofa - INFO - Sheet presenti nel file: OnFieldApp.trace_kpi_user_actio
2025-05-15 16:31:14,798 - kpi_ofa.ui.widgets.log_widget - INFO - Sheet presenti nel file: OnFieldApp.trace_kpi_user_actio
2025-05-15 16:31:14,799 - kpi_ofa - INFO - Sheet 'OnFieldApp.trace_kpi_user_actio' trovato nel file
2025-05-15 16:31:14,800 - kpi_ofa.ui.widgets.log_widget - INFO - Sheet 'OnFieldApp.trace_kpi_user_actio' trovato nel file
2025-05-15 16:31:17,863 - kpi_ofa - INFO - Colonne presenti nel file: user, creationDate, country, tecnology, action, idItem, functionalLocation
2025-05-15 16:31:17,866 - kpi_ofa.ui.widgets.log_widget - INFO - Colonne presenti nel file: user, creationDate, country, tecnology, action, idItem, functionalLocation
2025-05-15 16:31:17,866 - kpi_ofa - INFO - File valido: 61121 righe trovate
2025-05-15 16:31:17,867 - kpi_ofa.ui.widgets.log_widget - INFO - File valido: 61121 righe trovate
2025-05-15 16:31:17,868 - kpi_ofa - INFO - Struttura file Excel verificata con successo
2025-05-15 16:31:17,869 - kpi_ofa.ui.widgets.log_widget - INFO - Struttura file Excel verificata con successo
2025-05-15 16:31:17,870 - kpi_ofa - INFO - Normalizzazione degli idItem
2025-05-15 16:31:17,871 - kpi_ofa.ui.widgets.log_widget - INFO - Normalizzazione degli idItem
2025-05-15 16:31:17,871 - kpi_ofa - INFO - Normalizzazione della colonna idItem del DataFrame
2025-05-15 16:31:17,874 - kpi_ofa.ui.widgets.log_widget - INFO - Normalizzazione della colonna idItem del DataFrame
2025-05-15 16:31:17,874 - kpi_ofa - INFO - Presenti 61121 idItem nel DataFrame
2025-05-15 16:31:17,876 - kpi_ofa.ui.widgets.log_widget - INFO - Presenti 61121 idItem nel DataFrame
2025-05-15 16:31:17,892 - kpi_ofa - WARNING - Rimossi 194 valori nulli
2025-05-15 16:31:17,896 - kpi_ofa.ui.widgets.log_widget - WARNING - Rimossi 194 valori nulli
2025-05-15 16:31:17,946 - kpi_ofa - INFO - Rimossi 55220 valori duplicati
2025-05-15 16:31:17,948 - kpi_ofa.ui.widgets.log_widget - INFO - Rimossi 55220 valori duplicati
2025-05-15 16:31:17,948 - kpi_ofa - INFO - Estratti 5707 idItem unici come valori interi
2025-05-15 16:31:17,949 - kpi_ofa.ui.widgets.log_widget - INFO - Estratti 5707 idItem unici come valori interi
2025-05-15 16:31:17,949 - kpi_ofa - INFO - 55414 righe eliminate durante la normalizzazione
2025-05-15 16:31:17,951 - kpi_ofa.ui.widgets.log_widget - INFO - 55414 righe eliminate durante la normalizzazione
2025-05-15 16:31:17,951 - kpi_ofa - INFO - Estrazione degli Avvisi di Manutenzione (AdM)
2025-05-15 16:31:17,954 - kpi_ofa.ui.widgets.log_widget - INFO - Estrazione degli Avvisi di Manutenzione (AdM)
2025-05-15 16:31:17,954 - kpi_ofa - INFO - Estrazione AdM - Presenti 5707 idItem nel DataFrame
2025-05-15 16:31:17,957 - kpi_ofa.ui.widgets.log_widget - INFO - Estrazione AdM - Presenti 5707 idItem nel DataFrame
2025-05-15 16:31:17,961 - kpi_ofa - INFO - Presenti 5707 idItem numerici nel DataFrame
2025-05-15 16:31:17,963 - kpi_ofa.ui.widgets.log_widget - INFO - Presenti 5707 idItem numerici nel DataFrame
2025-05-15 16:31:17,964 - kpi_ofa - INFO - Filtrati 1920 record con idItem < 2000000000 su 5707 totali
2025-05-15 16:31:17,965 - kpi_ofa.ui.widgets.log_widget - INFO - Filtrati 1920 record con idItem < 2000000000 su 5707 totali
2025-05-15 16:31:17,965 - kpi_ofa - INFO - AdM estratti: 1920
2025-05-15 16:31:17,966 - kpi_ofa.ui.widgets.log_widget - INFO - AdM estratti: 1920
2025-05-15 16:31:17,967 - kpi_ofa - INFO - Estrazione degli Ordini di Manutenzione (OdM)
2025-05-15 16:31:17,968 - kpi_ofa.ui.widgets.log_widget - INFO - Estrazione degli Ordini di Manutenzione (OdM)
2025-05-15 16:31:17,968 - kpi_ofa - INFO - Estrazione OdM - Presenti 5707 idItem nel DataFrame
2025-05-15 16:31:17,971 - kpi_ofa.ui.widgets.log_widget - INFO - Estrazione OdM - Presenti 5707 idItem nel DataFrame
2025-05-15 16:31:17,973 - kpi_ofa - INFO - Presenti 5707 idItem numerici nel DataFrame
2025-05-15 16:31:17,976 - kpi_ofa.ui.widgets.log_widget - INFO - Presenti 5707 idItem numerici nel DataFrame
2025-05-15 16:31:17,977 - kpi_ofa - INFO - Filtrati 3787 record con idItem >= 2000000000 su 5707 totali
2025-05-15 16:31:17,978 - kpi_ofa.ui.widgets.log_widget - INFO - Filtrati 3787 record con idItem >= 2000000000 su 5707 totali
2025-05-15 16:31:17,978 - kpi_ofa - INFO - OdM estratti: 3787
2025-05-15 16:31:17,979 - kpi_ofa.ui.widgets.log_widget - INFO - OdM estratti: 3787
2025-05-15 16:31:17,980 - kpi_ofa - INFO - File Excel elaborato con successo
2025-05-15 16:31:17,981 - kpi_ofa.ui.widgets.log_widget - INFO - File Excel elaborato con successo
2025-05-15 16:31:47,237 - kpi_ofa - INFO - File excel caricato correttamente
2025-05-15 16:31:47,239 - kpi_ofa.ui.widgets.log_widget - INFO - File excel caricato correttamente
2025-05-15 16:34:16,352 - kpi_ofa.ui.widgets.date_widget - DEBUG - Intervallo date cambiato: 01/05/2025 - 22/05/2025
2025-05-15 16:35:14,708 - kpi_ofa.ui.widgets.date_widget - DEBUG - Intervallo date cambiato: 01/05/2025 - 01/05/2025
2025-05-15 16:35:32,356 - kpi_ofa.ui.widgets.date_widget - WARNING - Intervallo date non valido: 02/05/2025 - 01/05/2025
2025-05-15 16:45:32,123 - kpi_ofa.ui.widgets.date_widget - WARNING - Intervallo date non valido: 10/05/2025 - 01/05/2025
2025-05-16 10:16:03,928 - kpi_ofa - INFO - Applicazione avviata da main.py
2025-05-16 10:16:07,528 - kpi_ofa - INFO - Configurazione dell'ambiente di test...
2025-05-16 10:16:07,532 - kpi_ofa - INFO - Directory temporanea creata: C:\Users\a259046\AppData\Local\Temp\kpi_ofa_test_ezhp1jh1
2025-05-16 10:16:07,537 - kpi_ofa - INFO - File di configurazione creato: C:\Users\a259046\AppData\Local\Temp\kpi_ofa_test_ezhp1jh1\config.json
2025-05-16 10:16:08,174 - kpi_ofa - INFO - File Excel di test creato: C:\Users\a259046\AppData\Local\Temp\kpi_ofa_test_ezhp1jh1\test_data.xlsx
2025-05-16 10:16:08,213 - kpi_ofa.core.config_manager - INFO - Configurazione caricata con successo.
2025-05-16 10:16:08,213 - kpi_ofa.core.config_manager - INFO - ConfigManager inizializzato. File di configurazione: C:\Users\a259046\AppData\Local\Temp\kpi_ofa_test_ezhp1jh1\config.json
2025-05-16 10:16:12,402 - kpi_ofa.ui.widgets.date_widget - DEBUG - Intervallo date cambiato: 16/05/2025 - 23/05/2025
2025-05-16 10:16:12,402 - kpi_ofa.ui.widgets.date_widget - DEBUG - DateRangeWidget inizializzato
2025-05-16 10:16:12,413 - kpi_ofa - INFO - DataProcessor inizializzato
2025-05-16 10:16:12,466 - kpi_ofa.ui.widgets.log_widget - INFO - DataProcessor inizializzato
2025-05-16 10:16:12,467 - kpi_ofa - INFO - Sistema pronto!
2025-05-16 10:16:12,468 - kpi_ofa.ui.widgets.log_widget - INFO - Sistema pronto!
2025-05-16 10:16:33,613 - kpi_ofa - INFO - Selezionato file excel: attivita_utenti_dal_01-04-25_al_29-04-25.xlsx
2025-05-16 10:16:33,617 - kpi_ofa.ui.widgets.log_widget - INFO - Selezionato file excel: attivita_utenti_dal_01-04-25_al_29-04-25.xlsx
2025-05-16 10:16:33,617 - kpi_ofa - INFO - Verifico file excel
2025-05-16 10:16:33,664 - kpi_ofa.ui.widgets.log_widget - INFO - Verifico file excel
2025-05-16 10:16:33,664 - kpi_ofa - INFO - Elaborazione del file Excel: C:/Users/a259046/OneDrive - Enel Spa/SCRIPT AHK e VBA/GITHUB/KPI_OFA/data/attivita_utenti_dal_01-04-25_al_29-04-25.xlsx
2025-05-16 10:16:33,667 - kpi_ofa.ui.widgets.log_widget - INFO - Elaborazione del file Excel: C:/Users/a259046/OneDrive - Enel Spa/SCRIPT AHK e VBA/GITHUB/KPI_OFA/data/attivita_utenti_dal_01-04-25_al_29-04-25.xlsx
2025-05-16 10:16:33,667 - kpi_ofa - INFO - Verifica struttura file Excel
2025-05-16 10:16:33,668 - kpi_ofa.ui.widgets.log_widget - INFO - Verifica struttura file Excel
2025-05-16 10:16:33,668 - kpi_ofa - INFO - Verifica del file Excel: C:/Users/a259046/OneDrive - Enel Spa/SCRIPT AHK e VBA/GITHUB/KPI_OFA/data/attivita_utenti_dal_01-04-25_al_29-04-25.xlsx
2025-05-16 10:16:33,670 - kpi_ofa.ui.widgets.log_widget - INFO - Verifica del file Excel: C:/Users/a259046/OneDrive - Enel Spa/SCRIPT AHK e VBA/GITHUB/KPI_OFA/data/attivita_utenti_dal_01-04-25_al_29-04-25.xlsx
2025-05-16 10:16:34,177 - kpi_ofa - INFO - Sheet presenti nel file: OnFieldApp.trace_kpi_user_actio
2025-05-16 10:16:34,179 - kpi_ofa.ui.widgets.log_widget - INFO - Sheet presenti nel file: OnFieldApp.trace_kpi_user_actio
2025-05-16 10:16:34,179 - kpi_ofa - INFO - Sheet 'OnFieldApp.trace_kpi_user_actio' trovato nel file
2025-05-16 10:16:34,180 - kpi_ofa.ui.widgets.log_widget - INFO - Sheet 'OnFieldApp.trace_kpi_user_actio' trovato nel file
2025-05-16 10:16:37,382 - kpi_ofa - INFO - Colonne presenti nel file: user, creationDate, country, tecnology, action, idItem, functionalLocation
2025-05-16 10:16:37,384 - kpi_ofa.ui.widgets.log_widget - INFO - Colonne presenti nel file: user, creationDate, country, tecnology, action, idItem, functionalLocation
2025-05-16 10:16:37,385 - kpi_ofa - INFO - File valido: 61121 righe trovate
2025-05-16 10:16:37,386 - kpi_ofa.ui.widgets.log_widget - INFO - File valido: 61121 righe trovate
2025-05-16 10:16:37,386 - kpi_ofa - INFO - Struttura file Excel verificata con successo
2025-05-16 10:16:37,386 - kpi_ofa.ui.widgets.log_widget - INFO - Struttura file Excel verificata con successo
2025-05-16 10:16:37,387 - kpi_ofa - INFO - Normalizzazione degli idItem
2025-05-16 10:16:37,387 - kpi_ofa.ui.widgets.log_widget - INFO - Normalizzazione degli idItem
2025-05-16 10:16:37,388 - kpi_ofa - INFO - Normalizzazione della colonna idItem del DataFrame
2025-05-16 10:16:37,389 - kpi_ofa.ui.widgets.log_widget - INFO - Normalizzazione della colonna idItem del DataFrame
2025-05-16 10:16:37,389 - kpi_ofa - INFO - Presenti 61121 idItem nel DataFrame
2025-05-16 10:16:37,392 - kpi_ofa.ui.widgets.log_widget - INFO - Presenti 61121 idItem nel DataFrame
2025-05-16 10:16:37,406 - kpi_ofa - WARNING - Rimossi 194 valori nulli
2025-05-16 10:16:37,423 - kpi_ofa.ui.widgets.log_widget - WARNING - Rimossi 194 valori nulli
2025-05-16 10:16:37,473 - kpi_ofa - INFO - Rimossi 55220 valori duplicati
2025-05-16 10:16:37,476 - kpi_ofa.ui.widgets.log_widget - INFO - Rimossi 55220 valori duplicati
2025-05-16 10:16:37,477 - kpi_ofa - INFO - Estratti 5707 idItem unici come valori interi
2025-05-16 10:16:37,478 - kpi_ofa.ui.widgets.log_widget - INFO - Estratti 5707 idItem unici come valori interi
2025-05-16 10:16:37,478 - kpi_ofa - INFO - 55414 righe eliminate durante la normalizzazione
2025-05-16 10:16:37,480 - kpi_ofa.ui.widgets.log_widget - INFO - 55414 righe eliminate durante la normalizzazione
2025-05-16 10:16:37,480 - kpi_ofa - INFO - Estrazione degli Avvisi di Manutenzione (AdM)
2025-05-16 10:16:37,481 - kpi_ofa.ui.widgets.log_widget - INFO - Estrazione degli Avvisi di Manutenzione (AdM)
2025-05-16 10:16:37,481 - kpi_ofa - INFO - Estrazione AdM - Presenti 5707 idItem nel DataFrame
2025-05-16 10:16:37,483 - kpi_ofa.ui.widgets.log_widget - INFO - Estrazione AdM - Presenti 5707 idItem nel DataFrame
2025-05-16 10:16:37,486 - kpi_ofa - INFO - Presenti 5707 idItem numerici nel DataFrame
2025-05-16 10:16:37,487 - kpi_ofa.ui.widgets.log_widget - INFO - Presenti 5707 idItem numerici nel DataFrame
2025-05-16 10:16:37,489 - kpi_ofa - INFO - Filtrati 1920 record con idItem < 2000000000 su 5707 totali
2025-05-16 10:16:37,490 - kpi_ofa.ui.widgets.log_widget - INFO - Filtrati 1920 record con idItem < 2000000000 su 5707 totali
2025-05-16 10:16:37,490 - kpi_ofa - INFO - AdM estratti: 1920
2025-05-16 10:16:37,492 - kpi_ofa.ui.widgets.log_widget - INFO - AdM estratti: 1920
2025-05-16 10:16:37,492 - kpi_ofa - INFO - Estrazione degli Ordini di Manutenzione (OdM)
2025-05-16 10:16:37,494 - kpi_ofa.ui.widgets.log_widget - INFO - Estrazione degli Ordini di Manutenzione (OdM)
2025-05-16 10:16:37,494 - kpi_ofa - INFO - Estrazione OdM - Presenti 5707 idItem nel DataFrame
2025-05-16 10:16:37,496 - kpi_ofa.ui.widgets.log_widget - INFO - Estrazione OdM - Presenti 5707 idItem nel DataFrame
2025-05-16 10:16:37,498 - kpi_ofa - INFO - Presenti 5707 idItem numerici nel DataFrame
2025-05-16 10:16:37,500 - kpi_ofa.ui.widgets.log_widget - INFO - Presenti 5707 idItem numerici nel DataFrame
2025-05-16 10:16:37,501 - kpi_ofa - INFO - Filtrati 3787 record con idItem >= 2000000000 su 5707 totali
2025-05-16 10:16:37,503 - kpi_ofa.ui.widgets.log_widget - INFO - Filtrati 3787 record con idItem >= 2000000000 su 5707 totali
2025-05-16 10:16:37,503 - kpi_ofa - INFO - OdM estratti: 3787
2025-05-16 10:16:37,504 - kpi_ofa.ui.widgets.log_widget - INFO - OdM estratti: 3787
2025-05-16 10:16:37,504 - kpi_ofa - INFO - File Excel elaborato con successo
2025-05-16 10:16:37,506 - kpi_ofa.ui.widgets.log_widget - INFO - File Excel elaborato con successo
2025-05-16 10:16:37,506 - kpi_ofa - INFO - File excel caricato correttamente
2025-05-16 10:16:37,508 - kpi_ofa.ui.widgets.log_widget - INFO - File excel caricato correttamente
2025-05-19 14:27:57,031 - kpi_ofa - INFO - Applicazione avviata da main.py
2025-05-19 14:27:58,696 - kpi_ofa.core.config_manager - WARNING - File di configurazione non trovato: c:\Users\a259046\OneDrive - Enel Spa\SCRIPT AHK e VBA\GITHUB\KPI_OFA\config.json. Utilizzo valori predefiniti.
2025-05-19 14:27:58,697 - kpi_ofa.core.config_manager - INFO - ConfigManager inizializzato. File di configurazione: c:\Users\a259046\OneDrive - Enel Spa\SCRIPT AHK e VBA\GITHUB\KPI_OFA\config.json
2025-05-19 14:28:50,628 - kpi_ofa.ui.widgets.date_widget - DEBUG - Intervallo date cambiato: 19/05/2025 - 26/05/2025
2025-05-19 14:28:50,628 - kpi_ofa.ui.widgets.date_widget - DEBUG - DateRangeWidget inizializzato
2025-05-19 14:28:50,637 - kpi_ofa - INFO - DataProcessor inizializzato
2025-05-19 14:28:50,698 - kpi_ofa.ui.widgets.log_widget - INFO - DataProcessor inizializzato
2025-05-19 14:28:50,699 - kpi_ofa - INFO - Sistema pronto!
2025-05-19 14:28:50,701 - kpi_ofa.ui.widgets.log_widget - INFO - Sistema pronto!
2025-05-19 14:39:25,641 - kpi_ofa - INFO - Applicazione avviata da main.py
2025-05-19 14:39:26,864 - kpi_ofa.core.config_manager - WARNING - File di configurazione non trovato: c:\Users\a259046\OneDrive - Enel Spa\SCRIPT AHK e VBA\GITHUB\KPI_OFA\config.json. Utilizzo valori predefiniti.
2025-05-19 14:39:26,865 - kpi_ofa.core.config_manager - INFO - ConfigManager inizializzato. File di configurazione: c:\Users\a259046\OneDrive - Enel Spa\SCRIPT AHK e VBA\GITHUB\KPI_OFA\config.json
2025-05-19 14:39:27,218 - kpi_ofa.ui.widgets.date_widget - DEBUG - Intervallo date cambiato: 19/05/2025 - 26/05/2025
2025-05-19 14:39:27,219 - kpi_ofa.ui.widgets.date_widget - DEBUG - DateRangeWidget inizializzato
2025-05-19 14:39:27,260 - kpi_ofa.ui.widgets.log_widget - INFO - DataProcessor inizializzato
2025-05-19 14:39:27,262 - kpi_ofa.ui.widgets.log_widget - INFO - Sistema pronto!
2025-05-19 14:44:07,948 - kpi_ofa - INFO - Applicazione avviata da main.py
2025-05-19 14:44:09,223 - kpi_ofa.core.config_manager - WARNING - File di configurazione non trovato: c:\Users\a259046\OneDrive - Enel Spa\SCRIPT AHK e VBA\GITHUB\KPI_OFA\config.json. Utilizzo valori predefiniti.
2025-05-19 14:44:09,223 - kpi_ofa.core.config_manager - INFO - ConfigManager inizializzato. File di configurazione: c:\Users\a259046\OneDrive - Enel Spa\SCRIPT AHK e VBA\GITHUB\KPI_OFA\config.json
2025-05-19 14:44:09,605 - kpi_ofa.ui.widgets.date_widget - DEBUG - Intervallo date cambiato: 19/05/2025 - 26/05/2025
2025-05-19 14:44:09,606 - kpi_ofa.ui.widgets.date_widget - DEBUG - DateRangeWidget inizializzato
2025-05-19 14:44:09,647 - kpi_ofa.ui.widgets.log_widget - INFO - DataProcessor inizializzato
2025-05-19 14:44:09,648 - kpi_ofa - INFO - Sistema pronto!
2025-05-19 14:44:09,650 - kpi_ofa.ui.widgets.log_widget - INFO - Sistema pronto!
2025-05-19 14:45:20,909 - kpi_ofa.ui.widgets.date_widget - DEBUG - Intervallo date cambiato: 12/05/2025 - 26/05/2025
2025-05-19 14:45:31,865 - kpi_ofa.ui.widgets.date_widget - DEBUG - Intervallo date cambiato: 12/05/2025 - 27/05/2025
2025-05-19 14:45:52,940 - kpi_ofa - INFO - Selezionato file excel: attivita_utenti_dal_01-04-25_al_29-04-25.xlsx
2025-05-19 14:45:52,944 - kpi_ofa.ui.widgets.log_widget - INFO - Selezionato file excel: attivita_utenti_dal_01-04-25_al_29-04-25.xlsx
2025-05-19 14:45:52,945 - kpi_ofa - INFO - Verifico file excel
2025-05-19 14:45:52,946 - kpi_ofa.ui.widgets.log_widget - INFO - Verifico file excel
2025-05-19 14:45:52,949 - kpi_ofa.ui.widgets.log_widget - INFO - Elaborazione del file Excel: C:/Users/a259046/OneDrive - Enel Spa/SCRIPT AHK e VBA/GITHUB/KPI_OFA/data/attivita_utenti_dal_01-04-25_al_29-04-25.xlsx
2025-05-19 14:45:52,950 - kpi_ofa.ui.widgets.log_widget - INFO - Verifica struttura file Excel
2025-05-19 14:45:52,952 - kpi_ofa.ui.widgets.log_widget - INFO - Verifica del file Excel: C:/Users/a259046/OneDrive - Enel Spa/SCRIPT AHK e VBA/GITHUB/KPI_OFA/data/attivita_utenti_dal_01-04-25_al_29-04-25.xlsx
2025-05-19 14:45:54,375 - kpi_ofa.ui.widgets.log_widget - INFO - Sheet presenti nel file: OnFieldApp.trace_kpi_user_actio
2025-05-19 14:45:54,377 - kpi_ofa.ui.widgets.log_widget - INFO - Sheet 'OnFieldApp.trace_kpi_user_actio' trovato nel file
2025-05-19 14:45:57,029 - kpi_ofa.ui.widgets.log_widget - INFO - Colonne presenti nel file: user, creationDate, country, tecnology, action, idItem, functionalLocation
2025-05-19 14:45:57,031 - kpi_ofa.ui.widgets.log_widget - INFO - File valido: 61121 righe trovate
2025-05-19 14:45:57,032 - kpi_ofa.ui.widgets.log_widget - INFO - Struttura file Excel verificata con successo
2025-05-19 14:45:57,033 - kpi_ofa.ui.widgets.log_widget - INFO - Normalizzazione degli idItem
2025-05-19 14:45:57,035 - kpi_ofa.ui.widgets.log_widget - INFO - Normalizzazione della colonna idItem del DataFrame
2025-05-19 14:45:57,037 - kpi_ofa.ui.widgets.log_widget - INFO - Presenti 61121 idItem nel DataFrame
2025-05-19 14:45:57,079 - kpi_ofa.ui.widgets.log_widget - WARNING - Rimossi 194 valori nulli
2025-05-19 14:45:57,118 - kpi_ofa.ui.widgets.log_widget - INFO - Rimossi 55220 valori duplicati
2025-05-19 14:45:57,119 - kpi_ofa.ui.widgets.log_widget - INFO - Estratti 5707 idItem unici come valori interi
2025-05-19 14:45:57,122 - kpi_ofa.ui.widgets.log_widget - INFO - 55414 righe eliminate durante la normalizzazione
2025-05-19 14:45:57,123 - kpi_ofa.ui.widgets.log_widget - INFO - Estrazione degli Avvisi di Manutenzione (AdM)
2025-05-19 14:45:57,125 - kpi_ofa.ui.widgets.log_widget - INFO - Estrazione AdM - Presenti 5707 idItem nel DataFrame
2025-05-19 14:45:57,130 - kpi_ofa.ui.widgets.log_widget - INFO - Presenti 5707 idItem numerici nel DataFrame
2025-05-19 14:45:57,132 - kpi_ofa.ui.widgets.log_widget - INFO - Filtrati 1920 record con idItem < 2000000000 su 5707 totali
2025-05-19 14:45:57,133 - kpi_ofa.ui.widgets.log_widget - INFO - AdM estratti: 1920
2025-05-19 14:45:57,134 - kpi_ofa.ui.widgets.log_widget - INFO - Estrazione degli Ordini di Manutenzione (OdM)
2025-05-19 14:45:57,136 - kpi_ofa.ui.widgets.log_widget - INFO - Estrazione OdM - Presenti 5707 idItem nel DataFrame
2025-05-19 14:45:57,141 - kpi_ofa.ui.widgets.log_widget - INFO - Presenti 5707 idItem numerici nel DataFrame
2025-05-19 14:45:57,144 - kpi_ofa.ui.widgets.log_widget - INFO - Filtrati 3787 record con idItem >= 2000000000 su 5707 totali
2025-05-19 14:45:57,145 - kpi_ofa.ui.widgets.log_widget - INFO - OdM estratti: 3787
2025-05-19 14:45:57,147 - kpi_ofa.ui.widgets.log_widget - INFO - File Excel elaborato con successo
2025-05-19 14:45:57,147 - kpi_ofa - INFO - File excel caricato correttamente
2025-05-19 14:45:57,148 - kpi_ofa.ui.widgets.log_widget - INFO - File excel caricato correttamente
2025-05-19 14:51:41,215 - kpi_ofa.ui.config_dialog - INFO - Configurazione caricata nei controlli
2025-05-19 14:51:41,215 - kpi_ofa.ui.config_dialog - INFO - Finestra di configurazione inizializzata
2025-05-19 14:52:59,279 - kpi_ofa - INFO - Configurazione non modificata
2025-05-19 14:52:59,282 - kpi_ofa.ui.widgets.log_widget - INFO - Configurazione non modificata
2025-05-19 14:53:16,363 - kpi_ofa.ui.config_dialog - INFO - Configurazione caricata nei controlli
2025-05-19 14:53:16,363 - kpi_ofa.ui.config_dialog - INFO - Finestra di configurazione inizializzata
2025-05-19 14:53:17,749 - kpi_ofa - INFO - Configurazione non modificata
2025-05-19 14:53:17,752 - kpi_ofa.ui.widgets.log_widget - INFO - Configurazione non modificata
2025-05-19 14:53:18,691 - kpi_ofa.ui.config_dialog - INFO - Configurazione caricata nei controlli
2025-05-19 14:53:18,692 - kpi_ofa.ui.config_dialog - INFO - Finestra di configurazione inizializzata
2025-05-19 14:53:39,071 - kpi_ofa.core.config_manager - INFO - Configurazione salvata con successo.
2025-05-19 14:53:41,464 - kpi_ofa - INFO - Configurazione salvata con successo
2025-05-19 14:53:41,466 - kpi_ofa.ui.widgets.log_widget - INFO - Configurazione salvata con successo
2025-05-19 14:53:41,467 - kpi_ofa.ui.config_dialog - INFO - Configurazione salvata con successo
2025-05-19 14:53:41,473 - kpi_ofa - INFO - Configurazione aggiornata
2025-05-19 14:53:41,476 - kpi_ofa.ui.widgets.log_widget - INFO - Configurazione aggiornata
2025-05-19 14:55:08,173 - kpi_ofa.ui.config_dialog - INFO - Configurazione caricata nei controlli
2025-05-19 14:55:08,174 - kpi_ofa.ui.config_dialog - INFO - Finestra di configurazione inizializzata
2025-05-19 15:03:07,458 - kpi_ofa - INFO - Configurazione non modificata
2025-05-19 15:03:07,461 - kpi_ofa.ui.widgets.log_widget - INFO - Configurazione non modificata
2025-05-19 15:12:20,100 - kpi_ofa - INFO - Applicazione avviata da main.py
2025-05-19 15:12:21,407 - kpi_ofa.core.config_manager - INFO - Configurazione caricata con successo.
2025-05-19 15:12:21,407 - kpi_ofa.core.config_manager - INFO - ConfigManager inizializzato. File di configurazione: c:\Users\a259046\OneDrive - Enel Spa\SCRIPT AHK e VBA\GITHUB\KPI_OFA\config.json
2025-05-19 15:12:21,855 - kpi_ofa.ui.widgets.date_widget - DEBUG - Intervallo date cambiato: 19/05/2025 - 26/05/2025
2025-05-19 15:12:21,856 - kpi_ofa.ui.widgets.date_widget - DEBUG - DateRangeWidget inizializzato
2025-05-19 15:12:21,901 - kpi_ofa.ui.widgets.log_widget - INFO - DataProcessor inizializzato
2025-05-19 15:12:21,903 - kpi_ofa.ui.widgets.log_widget - INFO - Sistema pronto!
2025-05-19 15:14:19,724 - kpi_ofa - INFO - Applicazione avviata da main.py
2025-05-19 15:14:20,826 - kpi_ofa.core.config_manager - INFO - Configurazione caricata con successo.
2025-05-19 15:14:20,827 - kpi_ofa.core.config_manager - INFO - ConfigManager inizializzato. File di configurazione: c:\Users\a259046\OneDrive - Enel Spa\SCRIPT AHK e VBA\GITHUB\KPI_OFA\config.json
2025-05-19 15:14:21,183 - kpi_ofa.ui.widgets.date_widget - DEBUG - Intervallo date cambiato: 19/05/2025 - 26/05/2025
2025-05-19 15:14:21,183 - kpi_ofa.ui.widgets.date_widget - DEBUG - DateRangeWidget inizializzato
2025-05-19 15:14:21,220 - kpi_ofa.ui.widgets.log_widget - INFO - DataProcessor inizializzato
2025-05-19 15:15:54,110 - kpi_ofa.ui.widgets.log_widget - INFO - Sistema pronto!
2025-05-19 15:19:49,766 - kpi_ofa - INFO - Selezionato file excel: attivita_utenti_dal_01-04-25_al_29-04-25.xlsx
2025-05-19 15:19:49,771 - kpi_ofa.ui.widgets.log_widget - INFO - Selezionato file excel: attivita_utenti_dal_01-04-25_al_29-04-25.xlsx
2025-05-19 15:19:49,773 - kpi_ofa - INFO - Verifico file excel
2025-05-19 15:19:49,811 - kpi_ofa.ui.widgets.log_widget - INFO - Verifico file excel
2025-05-19 15:19:49,814 - kpi_ofa.ui.widgets.log_widget - INFO - Elaborazione del file Excel: C:/Users/a259046/OneDrive - Enel Spa/SCRIPT AHK e VBA/GITHUB/KPI_OFA/data/attivita_utenti_dal_01-04-25_al_29-04-25.xlsx
2025-05-19 15:19:49,816 - kpi_ofa.ui.widgets.log_widget - INFO - Verifica struttura file Excel
2025-05-19 15:19:49,820 - kpi_ofa.ui.widgets.log_widget - INFO - Verifica del file Excel: C:/Users/a259046/OneDrive - Enel Spa/SCRIPT AHK e VBA/GITHUB/KPI_OFA/data/attivita_utenti_dal_01-04-25_al_29-04-25.xlsx
2025-05-19 15:19:53,611 - kpi_ofa.ui.widgets.log_widget - INFO - Sheet presenti nel file: OnFieldApp.trace_kpi_user_actio
2025-05-19 15:19:53,613 - kpi_ofa.ui.widgets.log_widget - INFO - Sheet 'OnFieldApp.trace_kpi_user_actio' trovato nel file
2025-05-19 15:20:01,881 - kpi_ofa.ui.widgets.log_widget - INFO - Colonne presenti nel file: user, creationDate, country, tecnology, action, idItem, functionalLocation
2025-05-19 15:20:01,883 - kpi_ofa.ui.widgets.log_widget - INFO - File valido: 61121 righe trovate
2025-05-19 15:20:01,885 - kpi_ofa.ui.widgets.log_widget - INFO - Struttura file Excel verificata con successo
2025-05-19 15:20:01,886 - kpi_ofa.ui.widgets.log_widget - INFO - Normalizzazione degli idItem
2025-05-19 15:20:01,888 - kpi_ofa.ui.widgets.log_widget - INFO - Normalizzazione della colonna idItem del DataFrame
2025-05-19 15:20:01,890 - kpi_ofa.ui.widgets.log_widget - INFO - Presenti 61121 idItem nel DataFrame
2025-05-19 15:20:01,924 - kpi_ofa.ui.widgets.log_widget - WARNING - Rimossi 194 valori nulli
2025-05-19 15:20:02,064 - kpi_ofa.ui.widgets.log_widget - INFO - Rimossi 55220 valori duplicati
2025-05-19 15:20:02,066 - kpi_ofa.ui.widgets.log_widget - INFO - Estratti 5707 idItem unici come valori interi
2025-05-19 15:20:02,068 - kpi_ofa.ui.widgets.log_widget - INFO - 55414 righe eliminate durante la normalizzazione
2025-05-19 15:20:02,069 - kpi_ofa.ui.widgets.log_widget - INFO - Estrazione degli Avvisi di Manutenzione (AdM)
2025-05-19 15:20:02,071 - kpi_ofa.ui.widgets.log_widget - INFO - Estrazione AdM - Presenti 5707 idItem nel DataFrame
2025-05-19 15:20:02,078 - kpi_ofa.ui.widgets.log_widget - INFO - Presenti 5707 idItem numerici nel DataFrame
2025-05-19 15:20:02,082 - kpi_ofa.ui.widgets.log_widget - INFO - Filtrati 1920 record con idItem < 2000000000 su 5707 totali
2025-05-19 15:20:02,085 - kpi_ofa.ui.widgets.log_widget - INFO - AdM estratti: 1920
2025-05-19 15:20:02,086 - kpi_ofa.ui.widgets.log_widget - INFO - Estrazione degli Ordini di Manutenzione (OdM)
2025-05-19 15:20:02,089 - kpi_ofa.ui.widgets.log_widget - INFO - Estrazione OdM - Presenti 5707 idItem nel DataFrame
2025-05-19 15:20:02,096 - kpi_ofa.ui.widgets.log_widget - INFO - Presenti 5707 idItem numerici nel DataFrame
2025-05-19 15:20:02,099 - kpi_ofa.ui.widgets.log_widget - INFO - Filtrati 3787 record con idItem >= 2000000000 su 5707 totali
2025-05-19 15:20:02,101 - kpi_ofa.ui.widgets.log_widget - INFO - OdM estratti: 3787
2025-05-19 15:20:02,102 - kpi_ofa.ui.widgets.log_widget - INFO - File Excel elaborato con successo
2025-05-19 15:20:02,103 - kpi_ofa - INFO - File excel caricato correttamente
2025-05-19 15:20:02,104 - kpi_ofa.ui.widgets.log_widget - INFO - File excel caricato correttamente
2025-05-19 15:20:15,118 - kpi_ofa - WARNING - Nessun file selezionato
2025-05-19 15:20:15,122 - kpi_ofa.ui.widgets.log_widget - WARNING - Nessun file selezionato
2025-05-19 15:20:31,608 - kpi_ofa.ui.widgets.date_widget - DEBUG - Intervallo date cambiato: 01/04/2025 - 26/05/2025
2025-05-19 15:20:35,668 - kpi_ofa.ui.widgets.date_widget - DEBUG - Intervallo date cambiato: 01/04/2025 - 30/04/2025
2025-05-19 15:20:37,543 - kpi_ofa.ui.config_dialog - INFO - Configurazione caricata nei controlli
2025-05-19 15:20:37,544 - kpi_ofa.ui.config_dialog - INFO - Finestra di configurazione inizializzata
2025-05-19 15:21:28,663 - kpi_ofa - INFO - Selezionata directory: C:/Users/a259046/OneDrive - Enel Spa/SCRIPT AHK e VBA/GITHUB/KPI_OFA/data/SAP
2025-05-19 15:21:28,667 - kpi_ofa.ui.widgets.log_widget - INFO - Selezionata directory: C:/Users/a259046/OneDrive - Enel Spa/SCRIPT AHK e VBA/GITHUB/KPI_OFA/data/SAP
2025-05-19 15:21:28,667 - kpi_ofa.ui.config_dialog - INFO - Selezionata directory: C:/Users/a259046/OneDrive - Enel Spa/SCRIPT AHK e VBA/GITHUB/KPI_OFA/data/SAP
2025-05-19 15:21:35,034 - kpi_ofa.core.config_manager - INFO - Configurazione salvata con successo.
2025-05-19 15:21:47,147 - kpi_ofa - INFO - Configurazione salvata con successo
2025-05-19 15:21:47,150 - kpi_ofa.ui.widgets.log_widget - INFO - Configurazione salvata con successo
2025-05-19 15:21:47,151 - kpi_ofa.ui.config_dialog - INFO - Configurazione salvata con successo
2025-05-19 15:21:47,157 - kpi_ofa - INFO - Configurazione aggiornata
2025-05-19 15:21:47,160 - kpi_ofa.ui.widgets.log_widget - INFO - Configurazione aggiornata
2025-05-19 15:22:03,801 - kpi_ofa - INFO - Avvio estrazioni SAP
2025-05-19 15:22:03,805 - kpi_ofa.ui.widgets.log_widget - INFO - Avvio estrazioni SAP
2025-05-19 15:22:03,805 - kpi_ofa - INFO - Verifico selezione file excel
2025-05-19 15:22:03,807 - kpi_ofa.ui.widgets.log_widget - INFO - Verifico selezione file excel
2025-05-19 15:22:03,807 - kpi_ofa - INFO - Verifica file excel - OK
2025-05-19 15:22:03,809 - kpi_ofa.ui.widgets.log_widget - INFO - Verifica file excel - OK
2025-05-19 15:22:03,809 - kpi_ofa.ui.widgets.date_widget - INFO - Intervallo di date valido: 01/04/2025 - 30/04/2025
2025-05-19 15:22:03,809 - kpi_ofa - INFO - Verifica tecnologie configurate
2025-05-19 15:22:03,812 - kpi_ofa.ui.widgets.log_widget - INFO - Verifica tecnologie configurate
2025-05-19 15:22:03,813 - kpi_ofa - INFO - Verifica tecnologie configurate - OK
2025-05-19 15:22:03,815 - kpi_ofa.ui.widgets.log_widget - INFO - Verifica tecnologie configurate - OK
2025-05-19 15:22:03,815 - kpi_ofa - INFO - Avvio estrazione SAP...
2025-05-19 15:22:03,818 - kpi_ofa.ui.widgets.log_widget - INFO - Avvio estrazione SAP...
2025-05-19 15:22:03,818 - kpi_ofa - ERROR - Estrazione dati SAP: Errore: 'SAPGuiConnection' object has no attribute 'create_connection'
2025-05-19 15:22:03,836 - kpi_ofa.ui.widgets.log_widget - ERROR - Estrazione dati SAP: Errore: 'SAPGuiConnection' object has no attribute 'create_connection'
2025-05-19 15:26:27,239 - kpi_ofa - INFO - Avvio estrazioni SAP
2025-05-19 15:26:27,243 - kpi_ofa.ui.widgets.log_widget - INFO - Avvio estrazioni SAP
2025-05-19 15:26:37,736 - kpi_ofa - INFO - Verifico selezione file excel
2025-05-19 15:26:37,740 - kpi_ofa.ui.widgets.log_widget - INFO - Verifico selezione file excel
2025-05-19 15:26:41,035 - kpi_ofa - INFO - Verifica file excel - OK
2025-05-19 15:26:41,038 - kpi_ofa.ui.widgets.log_widget - INFO - Verifica file excel - OK
2025-05-19 15:28:58,070 - kpi_ofa.ui.widgets.date_widget - INFO - Intervallo di date valido: 01/04/2025 - 30/04/2025
2025-05-19 15:29:13,214 - kpi_ofa - INFO - Verifica tecnologie configurate
2025-05-19 15:29:13,218 - kpi_ofa.ui.widgets.log_widget - INFO - Verifica tecnologie configurate
2025-05-19 15:29:13,219 - kpi_ofa - INFO - Verifica tecnologie configurate - OK
2025-05-19 15:29:13,221 - kpi_ofa.ui.widgets.log_widget - INFO - Verifica tecnologie configurate - OK
2025-05-19 15:29:25,675 - kpi_ofa - INFO - Avvio estrazione SAP...
2025-05-19 15:29:25,678 - kpi_ofa.ui.widgets.log_widget - INFO - Avvio estrazione SAP...
2025-05-19 15:32:17,913 - kpi_ofa - INFO - Applicazione avviata da main.py
2025-05-19 15:32:19,413 - kpi_ofa.core.config_manager - INFO - Configurazione caricata con successo.
2025-05-19 15:32:19,413 - kpi_ofa.core.config_manager - INFO - ConfigManager inizializzato. File di configurazione: c:\Users\a259046\OneDrive - Enel Spa\SCRIPT AHK e VBA\GITHUB\KPI_OFA\config.json
2025-05-19 15:32:19,868 - kpi_ofa.ui.widgets.date_widget - DEBUG - Intervallo date cambiato: 19/05/2025 - 26/05/2025
2025-05-19 15:32:19,869 - kpi_ofa.ui.widgets.date_widget - DEBUG - DateRangeWidget inizializzato
2025-05-19 15:32:19,917 - kpi_ofa.ui.widgets.log_widget - INFO - DataProcessor inizializzato
2025-05-19 15:32:23,809 - kpi_ofa.ui.widgets.log_widget - INFO - Sistema pronto!
2025-05-19 15:32:36,125 - kpi_ofa.ui.widgets.date_widget - DEBUG - Intervallo date cambiato: 01/04/2025 - 26/05/2025
2025-05-19 15:32:38,339 - kpi_ofa.ui.widgets.date_widget - DEBUG - Intervallo date cambiato: 01/04/2025 - 30/05/2025
2025-05-19 15:32:46,100 - kpi_ofa - INFO - Selezionato file excel: attivita_utenti_dal_01-04-25_al_29-04-25.xlsx
2025-05-19 15:32:46,105 - kpi_ofa.ui.widgets.log_widget - INFO - Selezionato file excel: attivita_utenti_dal_01-04-25_al_29-04-25.xlsx
2025-05-19 15:32:46,106 - kpi_ofa - INFO - Verifico file excel
2025-05-19 15:32:46,108 - kpi_ofa.ui.widgets.log_widget - INFO - Verifico file excel
2025-05-19 15:32:46,113 - kpi_ofa.ui.widgets.log_widget - INFO - Elaborazione del file Excel: C:/Users/a259046/OneDrive - Enel Spa/SCRIPT AHK e VBA/GITHUB/KPI_OFA/data/attivita_utenti_dal_01-04-25_al_29-04-25.xlsx
2025-05-19 15:32:46,115 - kpi_ofa.ui.widgets.log_widget - INFO - Verifica struttura file Excel
2025-05-19 15:32:46,118 - kpi_ofa.ui.widgets.log_widget - INFO - Verifica del file Excel: C:/Users/a259046/OneDrive - Enel Spa/SCRIPT AHK e VBA/GITHUB/KPI_OFA/data/attivita_utenti_dal_01-04-25_al_29-04-25.xlsx
2025-05-19 15:32:47,701 - kpi_ofa.ui.widgets.log_widget - INFO - Sheet presenti nel file: OnFieldApp.trace_kpi_user_actio
2025-05-19 15:32:47,704 - kpi_ofa.ui.widgets.log_widget - INFO - Sheet 'OnFieldApp.trace_kpi_user_actio' trovato nel file
2025-05-19 15:32:50,808 - kpi_ofa.ui.widgets.log_widget - INFO - Colonne presenti nel file: user, creationDate, country, tecnology, action, idItem, functionalLocation
2025-05-19 15:32:50,810 - kpi_ofa.ui.widgets.log_widget - INFO - File valido: 61121 righe trovate
2025-05-19 15:32:50,811 - kpi_ofa.ui.widgets.log_widget - INFO - Struttura file Excel verificata con successo
2025-05-19 15:32:50,812 - kpi_ofa.ui.widgets.log_widget - INFO - Normalizzazione degli idItem
2025-05-19 15:32:50,813 - kpi_ofa.ui.widgets.log_widget - INFO - Normalizzazione della colonna idItem del DataFrame
2025-05-19 15:32:50,816 - kpi_ofa.ui.widgets.log_widget - INFO - Presenti 61121 idItem nel DataFrame
2025-05-19 15:32:50,851 - kpi_ofa.ui.widgets.log_widget - WARNING - Rimossi 194 valori nulli
2025-05-19 15:32:50,912 - kpi_ofa.ui.widgets.log_widget - INFO - Rimossi 55220 valori duplicati
2025-05-19 15:32:50,914 - kpi_ofa.ui.widgets.log_widget - INFO - Estratti 5707 idItem unici come valori interi
2025-05-19 15:32:50,916 - kpi_ofa.ui.widgets.log_widget - INFO - 55414 righe eliminate durante la normalizzazione
2025-05-19 15:32:50,917 - kpi_ofa.ui.widgets.log_widget - INFO - Estrazione degli Avvisi di Manutenzione (AdM)
2025-05-19 15:32:50,920 - kpi_ofa.ui.widgets.log_widget - INFO - Estrazione AdM - Presenti 5707 idItem nel DataFrame
2025-05-19 15:32:50,927 - kpi_ofa.ui.widgets.log_widget - INFO - Presenti 5707 idItem numerici nel DataFrame
2025-05-19 15:32:50,929 - kpi_ofa.ui.widgets.log_widget - INFO - Filtrati 1920 record con idItem < 2000000000 su 5707 totali
2025-05-19 15:32:50,930 - kpi_ofa.ui.widgets.log_widget - INFO - AdM estratti: 1920
2025-05-19 15:32:50,931 - kpi_ofa.ui.widgets.log_widget - INFO - Estrazione degli Ordini di Manutenzione (OdM)
2025-05-19 15:32:50,934 - kpi_ofa.ui.widgets.log_widget - INFO - Estrazione OdM - Presenti 5707 idItem nel DataFrame
2025-05-19 15:32:50,940 - kpi_ofa.ui.widgets.log_widget - INFO - Presenti 5707 idItem numerici nel DataFrame
2025-05-19 15:32:50,943 - kpi_ofa.ui.widgets.log_widget - INFO - Filtrati 3787 record con idItem >= 2000000000 su 5707 totali
2025-05-19 15:32:50,945 - kpi_ofa.ui.widgets.log_widget - INFO - OdM estratti: 3787
2025-05-19 15:32:50,946 - kpi_ofa.ui.widgets.log_widget - INFO - File Excel elaborato con successo
2025-05-19 15:32:50,946 - kpi_ofa - INFO - File excel caricato correttamente
2025-05-19 15:32:50,948 - kpi_ofa.ui.widgets.log_widget - INFO - File excel caricato correttamente
2025-05-19 15:33:24,110 - kpi_ofa.ui.widgets.log_widget - INFO - Avvio estrazioni SAP
2025-05-19 15:33:37,976 - kpi_ofa - INFO - Verifico selezione file excel
2025-05-19 15:33:37,979 - kpi_ofa.ui.widgets.log_widget - INFO - Verifico selezione file excel
2025-05-19 15:33:59,733 - kpi_ofa.ui.widgets.log_widget - INFO - Verifica file excel - OK
2025-05-19 15:34:03,558 - kpi_ofa.ui.widgets.date_widget - INFO - Intervallo di date valido: 01/04/2025 - 30/05/2025
2025-05-19 15:34:07,237 - kpi_ofa - INFO - Verifica tecnologie configurate
2025-05-19 15:34:07,240 - kpi_ofa.ui.widgets.log_widget - INFO - Verifica tecnologie configurate
2025-05-19 15:34:07,241 - kpi_ofa - INFO - Verifica tecnologie configurate - OK
2025-05-19 15:34:07,243 - kpi_ofa.ui.widgets.log_widget - INFO - Verifica tecnologie configurate - OK
2025-05-19 15:34:10,382 - kpi_ofa.ui.widgets.log_widget - INFO - Avvio estrazione SAP...
2025-05-19 15:34:26,415 - kpi_ofa - INFO - Connessione SAP attiva
2025-05-19 15:34:26,419 - kpi_ofa.ui.widgets.log_widget - INFO - Connessione SAP attiva
2025-05-19 15:35:04,163 - kpi_ofa - INFO - Estrazione dati IW29
2025-05-19 15:35:04,166 - kpi_ofa.ui.widgets.log_widget - INFO - Estrazione dati IW29
2025-05-19 15:35:23,576 - SAPDataExtractor - INFO - Estrazione IW29_single per tipo 'Lista' con tutti i valori
2025-05-19 15:35:25,448 - SAPDataExtractor - INFO - Copiati 1920 valori nella clipboard per SAP
2025-05-19 15:35:25,449 - SAPDataExtractor - INFO - Valori singoli copiati nella clipboard per SAP
2025-05-19 15:35:40,042 - SAPDataExtractor - INFO - Elimino il contenuto della clipboard
2025-05-19 15:35:41,935 - SAPDataExtractor - INFO - Dati trovati nella clipboard
2025-05-19 15:35:41,936 - SAPDataExtractor - INFO - Dati prelevati dalla clipboard
2025-05-19 15:35:41,936 - SAPDataExtractor - INFO - Eseguita estrazione IW29 per  - Lista
2025-05-19 15:35:41,938 - SAPDataExtractor - INFO - Elaborazione completata. Sono state eseguite 7 sostituzioni.
2025-05-19 15:35:41,939 - SAPDataExtractor - INFO - Righe iniziali: 1930 - Righe finali: 1916.
2025-05-19 15:37:02,061 - kpi_ofa - ERROR - Estrazione dati SAP: Errore: DataFrameTools.clean_data() takes 1 positional argument but 2 were given
2025-05-19 15:37:02,067 - kpi_ofa.ui.widgets.log_widget - ERROR - Estrazione dati SAP: Errore: DataFrameTools.clean_data() takes 1 positional argument but 2 were given
2025-05-19 15:56:20,504 - kpi_ofa - INFO - Applicazione avviata da main.py
2025-05-19 15:57:35,870 - kpi_ofa - INFO - Applicazione avviata da main.py
2025-05-19 15:57:49,120 - kpi_ofa - INFO - Applicazione avviata da main.py
2025-05-19 15:57:50,395 - kpi_ofa.core.config_manager - INFO - Configurazione caricata con successo.
2025-05-19 15:57:50,395 - kpi_ofa.core.config_manager - INFO - ConfigManager inizializzato. File di configurazione: c:\Users\a259046\OneDrive - Enel Spa\SCRIPT AHK e VBA\GITHUB\KPI_OFA\config.json
2025-05-19 15:57:50,875 - kpi_ofa.ui.widgets.date_widget - DEBUG - Intervallo date cambiato: 19/05/2025 - 26/05/2025
2025-05-19 15:57:50,876 - kpi_ofa.ui.widgets.date_widget - DEBUG - DateRangeWidget inizializzato
2025-05-19 15:57:50,933 - kpi_ofa.ui.widgets.log_widget - INFO - ExcelDataProcessor inizializzato
2025-05-19 15:57:50,935 - kpi_ofa.ui.widgets.log_widget - INFO - Sistema pronto!
2025-05-19 15:57:55,744 - kpi_ofa.ui.widgets.date_widget - DEBUG - Intervallo date cambiato: 01/04/2025 - 26/05/2025
2025-05-19 15:57:58,019 - kpi_ofa.ui.widgets.date_widget - DEBUG - Intervallo date cambiato: 01/04/2025 - 30/05/2025
2025-05-19 15:58:05,566 - kpi_ofa - INFO - Selezionato file excel: attivita_utenti_dal_01-04-25_al_29-04-25.xlsx
2025-05-19 15:58:05,570 - kpi_ofa.ui.widgets.log_widget - INFO - Selezionato file excel: attivita_utenti_dal_01-04-25_al_29-04-25.xlsx
2025-05-19 15:58:05,571 - kpi_ofa - INFO - Verifico file excel
2025-05-19 15:58:05,573 - kpi_ofa.ui.widgets.log_widget - INFO - Verifico file excel
2025-05-19 15:58:05,578 - kpi_ofa.ui.widgets.log_widget - INFO - Elaborazione del file Excel: C:/Users/a259046/OneDrive - Enel Spa/SCRIPT AHK e VBA/GITHUB/KPI_OFA/data/attivita_utenti_dal_01-04-25_al_29-04-25.xlsx
2025-05-19 15:58:05,580 - kpi_ofa.ui.widgets.log_widget - INFO - Verifica struttura file Excel
2025-05-19 15:58:05,585 - kpi_ofa.ui.widgets.log_widget - INFO - Verifica del file Excel: C:/Users/a259046/OneDrive - Enel Spa/SCRIPT AHK e VBA/GITHUB/KPI_OFA/data/attivita_utenti_dal_01-04-25_al_29-04-25.xlsx
2025-05-19 15:58:07,244 - kpi_ofa.ui.widgets.log_widget - INFO - Sheet presenti nel file: OnFieldApp.trace_kpi_user_actio
2025-05-19 15:58:07,246 - kpi_ofa.ui.widgets.log_widget - INFO - Sheet 'OnFieldApp.trace_kpi_user_actio' trovato nel file
2025-05-19 15:58:10,252 - kpi_ofa.ui.widgets.log_widget - INFO - Colonne presenti nel file: user, creationDate, country, tecnology, action, idItem, functionalLocation
2025-05-19 15:58:10,254 - kpi_ofa.ui.widgets.log_widget - INFO - File valido: 61121 righe trovate
2025-05-19 15:58:10,255 - kpi_ofa.ui.widgets.log_widget - INFO - Struttura file Excel verificata con successo
2025-05-19 15:58:10,255 - kpi_ofa.ui.widgets.log_widget - INFO - Normalizzazione degli idItem
2025-05-19 15:58:10,258 - kpi_ofa.ui.widgets.log_widget - INFO - Normalizzazione della colonna idItem del DataFrame
2025-05-19 15:58:10,260 - kpi_ofa.ui.widgets.log_widget - INFO - Presenti 61121 idItem nel DataFrame
2025-05-19 15:58:10,290 - kpi_ofa.ui.widgets.log_widget - WARNING - Rimossi 194 valori nulli
2025-05-19 15:58:10,338 - kpi_ofa.ui.widgets.log_widget - INFO - Rimossi 55220 valori duplicati
2025-05-19 15:58:10,340 - kpi_ofa.ui.widgets.log_widget - INFO - Estratti 5707 idItem unici come valori interi
2025-05-19 15:58:10,344 - kpi_ofa.ui.widgets.log_widget - INFO - 55414 righe eliminate durante la normalizzazione
2025-05-19 15:58:10,346 - kpi_ofa.ui.widgets.log_widget - INFO - Estrazione degli Avvisi di Manutenzione (AdM)
2025-05-19 15:58:10,348 - kpi_ofa.ui.widgets.log_widget - INFO - Estrazione AdM - Presenti 5707 idItem nel DataFrame
2025-05-19 15:58:10,354 - kpi_ofa.ui.widgets.log_widget - INFO - Presenti 5707 idItem numerici nel DataFrame
2025-05-19 15:58:10,357 - kpi_ofa.ui.widgets.log_widget - INFO - Filtrati 1920 record con idItem < 2000000000 su 5707 totali
2025-05-19 15:58:10,359 - kpi_ofa.ui.widgets.log_widget - INFO - AdM estratti: 1920
2025-05-19 15:58:10,361 - kpi_ofa.ui.widgets.log_widget - INFO - Estrazione degli Ordini di Manutenzione (OdM)
2025-05-19 15:58:10,363 - kpi_ofa.ui.widgets.log_widget - INFO - Estrazione OdM - Presenti 5707 idItem nel DataFrame
2025-05-19 15:58:10,368 - kpi_ofa.ui.widgets.log_widget - INFO - Presenti 5707 idItem numerici nel DataFrame
2025-05-19 15:58:10,370 - kpi_ofa.ui.widgets.log_widget - INFO - Filtrati 3787 record con idItem >= 2000000000 su 5707 totali
2025-05-19 15:58:10,372 - kpi_ofa.ui.widgets.log_widget - INFO - OdM estratti: 3787
2025-05-19 15:58:10,374 - kpi_ofa.ui.widgets.log_widget - INFO - File Excel elaborato con successo
2025-05-19 15:58:10,375 - kpi_ofa - INFO - File excel caricato correttamente
2025-05-19 15:58:10,377 - kpi_ofa.ui.widgets.log_widget - INFO - File excel caricato correttamente
2025-05-19 15:58:17,954 - kpi_ofa.ui.widgets.log_widget - INFO - Avvio estrazioni SAP
2025-05-19 15:58:19,465 - kpi_ofa - INFO - Verifico selezione file excel
2025-05-19 15:58:19,470 - kpi_ofa.ui.widgets.log_widget - INFO - Verifico selezione file excel
2025-05-19 15:58:20,059 - kpi_ofa.ui.widgets.log_widget - INFO - Verifica file excel - OK
2025-05-19 15:58:23,903 - kpi_ofa.ui.widgets.date_widget - INFO - Intervallo di date valido: 01/04/2025 - 30/05/2025
2025-05-19 15:58:24,478 - kpi_ofa - INFO - Verifica tecnologie configurate
2025-05-19 15:58:24,481 - kpi_ofa.ui.widgets.log_widget - INFO - Verifica tecnologie configurate
2025-05-19 15:58:24,481 - kpi_ofa - INFO - Verifica tecnologie configurate - OK
2025-05-19 15:58:24,483 - kpi_ofa.ui.widgets.log_widget - INFO - Verifica tecnologie configurate - OK
2025-05-19 15:58:24,777 - kpi_ofa.ui.widgets.log_widget - INFO - Avvio estrazione SAP...
2025-05-19 15:58:28,764 - kpi_ofa - INFO - Connessione SAP attiva
2025-05-19 15:58:28,766 - kpi_ofa.ui.widgets.log_widget - INFO - Connessione SAP attiva
2025-05-19 15:58:35,794 - kpi_ofa - ERROR - Estrazione dati SAP: Errore: type object 'DataFrameTools' has no attribute 'DataFrameTools'
2025-05-19 15:58:35,799 - kpi_ofa.ui.widgets.log_widget - ERROR - Estrazione dati SAP: Errore: type object 'DataFrameTools' has no attribute 'DataFrameTools'
2025-05-19 16:05:59,395 - kpi_ofa - INFO - Applicazione avviata da main.py
2025-05-19 16:06:00,726 - kpi_ofa.core.config_manager - INFO - Configurazione caricata con successo.
2025-05-19 16:06:00,726 - kpi_ofa.core.config_manager - INFO - ConfigManager inizializzato. File di configurazione: c:\Users\a259046\OneDrive - Enel Spa\SCRIPT AHK e VBA\GITHUB\KPI_OFA\config.json
2025-05-19 16:06:01,140 - kpi_ofa.ui.widgets.date_widget - DEBUG - Intervallo date cambiato: 19/05/2025 - 26/05/2025
2025-05-19 16:06:01,140 - kpi_ofa.ui.widgets.date_widget - DEBUG - DateRangeWidget inizializzato
2025-05-19 16:06:01,188 - kpi_ofa.ui.widgets.log_widget - INFO - ExcelDataProcessor inizializzato
2025-05-19 16:06:01,190 - kpi_ofa.ui.widgets.log_widget - INFO - Sistema pronto!
2025-05-19 16:06:35,781 - kpi_ofa.ui.widgets.date_widget - DEBUG - Intervallo date cambiato: 01/04/2025 - 26/05/2025
2025-05-19 16:06:37,862 - kpi_ofa.ui.widgets.date_widget - DEBUG - Intervallo date cambiato: 01/04/2025 - 30/05/2025
2025-05-19 16:06:45,251 - kpi_ofa - INFO - Selezionato file excel: attivita_utenti_dal_01-04-25_al_29-04-25.xlsx
2025-05-19 16:06:45,256 - kpi_ofa.ui.widgets.log_widget - INFO - Selezionato file excel: attivita_utenti_dal_01-04-25_al_29-04-25.xlsx
2025-05-19 16:06:45,257 - kpi_ofa - INFO - Verifico file excel
2025-05-19 16:06:45,259 - kpi_ofa.ui.widgets.log_widget - INFO - Verifico file excel
2025-05-19 16:06:45,262 - kpi_ofa.ui.widgets.log_widget - INFO - Elaborazione del file Excel: C:/Users/a259046/OneDrive - Enel Spa/SCRIPT AHK e VBA/GITHUB/KPI_OFA/data/attivita_utenti_dal_01-04-25_al_29-04-25.xlsx
2025-05-19 16:06:45,265 - kpi_ofa.ui.widgets.log_widget - INFO - Verifica struttura file Excel
2025-05-19 16:06:45,268 - kpi_ofa.ui.widgets.log_widget - INFO - Verifica del file Excel: C:/Users/a259046/OneDrive - Enel Spa/SCRIPT AHK e VBA/GITHUB/KPI_OFA/data/attivita_utenti_dal_01-04-25_al_29-04-25.xlsx
2025-05-19 16:06:46,782 - kpi_ofa.ui.widgets.log_widget - INFO - Sheet presenti nel file: OnFieldApp.trace_kpi_user_actio
2025-05-19 16:06:46,784 - kpi_ofa.ui.widgets.log_widget - INFO - Sheet 'OnFieldApp.trace_kpi_user_actio' trovato nel file
2025-05-19 16:06:50,426 - kpi_ofa.ui.widgets.log_widget - INFO - Colonne presenti nel file: user, creationDate, country, tecnology, action, idItem, functionalLocation
2025-05-19 16:06:50,428 - kpi_ofa.ui.widgets.log_widget - INFO - File valido: 61121 righe trovate
2025-05-19 16:06:50,430 - kpi_ofa.ui.widgets.log_widget - INFO - Struttura file Excel verificata con successo
2025-05-19 16:06:50,431 - kpi_ofa.ui.widgets.log_widget - INFO - Normalizzazione degli idItem
2025-05-19 16:06:50,433 - kpi_ofa.ui.widgets.log_widget - INFO - Normalizzazione della colonna idItem del DataFrame
2025-05-19 16:06:50,436 - kpi_ofa.ui.widgets.log_widget - INFO - Presenti 61121 idItem nel DataFrame
2025-05-19 16:06:50,468 - kpi_ofa.ui.widgets.log_widget - WARNING - Rimossi 194 valori nulli
2025-05-19 16:06:50,521 - kpi_ofa.ui.widgets.log_widget - INFO - Rimossi 55220 valori duplicati
2025-05-19 16:06:50,524 - kpi_ofa.ui.widgets.log_widget - INFO - Estratti 5707 idItem unici come valori interi
2025-05-19 16:06:50,526 - kpi_ofa.ui.widgets.log_widget - INFO - 55414 righe eliminate durante la normalizzazione
2025-05-19 16:06:50,527 - kpi_ofa.ui.widgets.log_widget - INFO - Estrazione degli Avvisi di Manutenzione (AdM)
2025-05-19 16:06:50,532 - kpi_ofa.ui.widgets.log_widget - INFO - Estrazione AdM - Presenti 5707 idItem nel DataFrame
2025-05-19 16:06:50,539 - kpi_ofa.ui.widgets.log_widget - INFO - Presenti 5707 idItem numerici nel DataFrame
2025-05-19 16:06:50,542 - kpi_ofa.ui.widgets.log_widget - INFO - Filtrati 1920 record con idItem < 2000000000 su 5707 totali
2025-05-19 16:06:50,544 - kpi_ofa.ui.widgets.log_widget - INFO - AdM estratti: 1920
2025-05-19 16:06:50,545 - kpi_ofa.ui.widgets.log_widget - INFO - Estrazione degli Ordini di Manutenzione (OdM)
2025-05-19 16:06:50,551 - kpi_ofa.ui.widgets.log_widget - INFO - Estrazione OdM - Presenti 5707 idItem nel DataFrame
2025-05-19 16:06:50,557 - kpi_ofa.ui.widgets.log_widget - INFO - Presenti 5707 idItem numerici nel DataFrame
2025-05-19 16:06:50,560 - kpi_ofa.ui.widgets.log_widget - INFO - Filtrati 3787 record con idItem >= 2000000000 su 5707 totali
2025-05-19 16:06:50,562 - kpi_ofa.ui.widgets.log_widget - INFO - OdM estratti: 3787
2025-05-19 16:06:50,565 - kpi_ofa.ui.widgets.log_widget - INFO - File Excel elaborato con successo
2025-05-19 16:06:50,566 - kpi_ofa - INFO - File excel caricato correttamente
2025-05-19 16:06:50,569 - kpi_ofa.ui.widgets.log_widget - INFO - File excel caricato correttamente
2025-05-19 16:07:56,176 - kpi_ofa.ui.widgets.log_widget - INFO - Avvio estrazioni SAP
2025-05-19 16:07:57,416 - kpi_ofa - INFO - Verifico selezione file excel
2025-05-19 16:07:57,419 - kpi_ofa.ui.widgets.log_widget - INFO - Verifico selezione file excel
2025-05-19 16:07:57,910 - kpi_ofa.ui.widgets.log_widget - INFO - Verifica file excel - OK
2025-05-19 16:07:58,302 - kpi_ofa.ui.widgets.date_widget - INFO - Intervallo di date valido: 01/04/2025 - 30/05/2025
2025-05-19 16:07:59,465 - kpi_ofa - INFO - Verifica tecnologie configurate
2025-05-19 16:07:59,468 - kpi_ofa.ui.widgets.log_widget - INFO - Verifica tecnologie configurate
2025-05-19 16:07:59,469 - kpi_ofa - INFO - Verifica tecnologie configurate - OK
2025-05-19 16:07:59,470 - kpi_ofa.ui.widgets.log_widget - INFO - Verifica tecnologie configurate - OK
2025-05-19 16:07:59,617 - kpi_ofa.ui.widgets.log_widget - INFO - Avvio estrazione SAP...
2025-05-19 16:08:03,867 - kpi_ofa - INFO - Connessione SAP attiva
2025-05-19 16:08:03,870 - kpi_ofa.ui.widgets.log_widget - INFO - Connessione SAP attiva
2025-05-19 16:08:05,137 - kpi_ofa - INFO - Estrazione dati IW29
2025-05-19 16:08:05,140 - kpi_ofa.ui.widgets.log_widget - INFO - Estrazione dati IW29
2025-05-19 16:08:13,010 - SAPDataExtractor - INFO - Estrazione IW29_single per tipo 'Lista' con tutti i valori
2025-05-19 16:08:15,090 - SAPDataExtractor - INFO - Copiati 1920 valori nella clipboard per SAP
2025-05-19 16:08:15,091 - SAPDataExtractor - INFO - Valori singoli copiati nella clipboard per SAP
2025-05-19 16:08:30,202 - SAPDataExtractor - INFO - Elimino il contenuto della clipboard
2025-05-19 16:08:32,208 - SAPDataExtractor - INFO - Dati trovati nella clipboard
2025-05-19 16:08:32,209 - SAPDataExtractor - INFO - Dati prelevati dalla clipboard
2025-05-19 16:08:32,210 - SAPDataExtractor - INFO - Eseguita estrazione IW29 per  - Lista
2025-05-19 16:10:34,915 - SAPDataExtractor - INFO - Elaborazione completata. Sono state eseguite 7 sostituzioni.
2025-05-19 16:10:34,916 - SAPDataExtractor - INFO - Righe iniziali: 1930 - Righe finali: 1916.
2025-05-19 16:11:16,364 - kpi_ofa - ERROR - Estrazione dati SAP: Errore: DataFrameTools.clean_data() takes 1 positional argument but 2 were given
2025-05-19 16:11:16,371 - kpi_ofa.ui.widgets.log_widget - ERROR - Estrazione dati SAP: Errore: DataFrameTools.clean_data() takes 1 positional argument but 2 were given
2025-05-19 16:12:16,127 - kpi_ofa - INFO - Applicazione avviata da main.py
2025-05-19 16:12:17,416 - kpi_ofa.core.config_manager - INFO - Configurazione caricata con successo.
2025-05-19 16:12:17,416 - kpi_ofa.core.config_manager - INFO - ConfigManager inizializzato. File di configurazione: c:\Users\a259046\OneDrive - Enel Spa\SCRIPT AHK e VBA\GITHUB\KPI_OFA\config.json
2025-05-19 16:12:17,813 - kpi_ofa.ui.widgets.date_widget - DEBUG - Intervallo date cambiato: 19/05/2025 - 26/05/2025
2025-05-19 16:12:17,814 - kpi_ofa.ui.widgets.date_widget - DEBUG - DateRangeWidget inizializzato
2025-05-19 16:12:17,856 - kpi_ofa.ui.widgets.log_widget - INFO - ExcelDataProcessor inizializzato
2025-05-19 16:12:17,858 - kpi_ofa.ui.widgets.log_widget - INFO - Sistema pronto!
2025-05-19 16:12:26,977 - kpi_ofa - INFO - Selezionato file excel: attivita_utenti_dal_01-04-25_al_29-04-25.xlsx
2025-05-19 16:12:26,979 - kpi_ofa.ui.widgets.log_widget - INFO - Selezionato file excel: attivita_utenti_dal_01-04-25_al_29-04-25.xlsx
2025-05-19 16:12:26,980 - kpi_ofa - INFO - Verifico file excel
2025-05-19 16:12:27,023 - kpi_ofa.ui.widgets.log_widget - INFO - Verifico file excel
2025-05-19 16:12:27,027 - kpi_ofa.ui.widgets.log_widget - INFO - Elaborazione del file Excel: C:/Users/a259046/OneDrive - Enel Spa/SCRIPT AHK e VBA/GITHUB/KPI_OFA/data/attivita_utenti_dal_01-04-25_al_29-04-25.xlsx
2025-05-19 16:12:27,032 - kpi_ofa.ui.widgets.log_widget - INFO - Verifica struttura file Excel
2025-05-19 16:12:27,037 - kpi_ofa.ui.widgets.log_widget - INFO - Verifica del file Excel: C:/Users/a259046/OneDrive - Enel Spa/SCRIPT AHK e VBA/GITHUB/KPI_OFA/data/attivita_utenti_dal_01-04-25_al_29-04-25.xlsx
2025-05-19 16:12:28,627 - kpi_ofa.ui.widgets.log_widget - INFO - Sheet presenti nel file: OnFieldApp.trace_kpi_user_actio
2025-05-19 16:12:28,629 - kpi_ofa.ui.widgets.log_widget - INFO - Sheet 'OnFieldApp.trace_kpi_user_actio' trovato nel file
2025-05-19 16:12:31,906 - kpi_ofa.ui.widgets.log_widget - INFO - Colonne presenti nel file: user, creationDate, country, tecnology, action, idItem, functionalLocation
2025-05-19 16:12:31,908 - kpi_ofa.ui.widgets.log_widget - INFO - File valido: 61121 righe trovate
2025-05-19 16:12:31,909 - kpi_ofa.ui.widgets.log_widget - INFO - Struttura file Excel verificata con successo
2025-05-19 16:12:31,910 - kpi_ofa.ui.widgets.log_widget - INFO - Normalizzazione degli idItem
2025-05-19 16:12:31,912 - kpi_ofa.ui.widgets.log_widget - INFO - Normalizzazione della colonna idItem del DataFrame
2025-05-19 16:12:31,915 - kpi_ofa.ui.widgets.log_widget - INFO - Presenti 61121 idItem nel DataFrame
2025-05-19 16:12:31,950 - kpi_ofa.ui.widgets.log_widget - WARNING - Rimossi 194 valori nulli
2025-05-19 16:12:31,997 - kpi_ofa.ui.widgets.log_widget - INFO - Rimossi 55220 valori duplicati
2025-05-19 16:12:31,999 - kpi_ofa.ui.widgets.log_widget - INFO - Estratti 5707 idItem unici come valori interi
2025-05-19 16:12:32,002 - kpi_ofa.ui.widgets.log_widget - INFO - 55414 righe eliminate durante la normalizzazione
2025-05-19 16:12:32,004 - kpi_ofa.ui.widgets.log_widget - INFO - Estrazione degli Avvisi di Manutenzione (AdM)
2025-05-19 16:12:32,007 - kpi_ofa.ui.widgets.log_widget - INFO - Estrazione AdM - Presenti 5707 idItem nel DataFrame
2025-05-19 16:12:32,013 - kpi_ofa.ui.widgets.log_widget - INFO - Presenti 5707 idItem numerici nel DataFrame
2025-05-19 16:12:32,016 - kpi_ofa.ui.widgets.log_widget - INFO - Filtrati 1920 record con idItem < 2000000000 su 5707 totali
2025-05-19 16:12:32,018 - kpi_ofa.ui.widgets.log_widget - INFO - AdM estratti: 1920
2025-05-19 16:12:32,020 - kpi_ofa.ui.widgets.log_widget - INFO - Estrazione degli Ordini di Manutenzione (OdM)
2025-05-19 16:12:32,023 - kpi_ofa.ui.widgets.log_widget - INFO - Estrazione OdM - Presenti 5707 idItem nel DataFrame
2025-05-19 16:12:32,028 - kpi_ofa.ui.widgets.log_widget - INFO - Presenti 5707 idItem numerici nel DataFrame
2025-05-19 16:12:32,031 - kpi_ofa.ui.widgets.log_widget - INFO - Filtrati 3787 record con idItem >= 2000000000 su 5707 totali
2025-05-19 16:12:32,032 - kpi_ofa.ui.widgets.log_widget - INFO - OdM estratti: 3787
2025-05-19 16:12:32,034 - kpi_ofa.ui.widgets.log_widget - INFO - File Excel elaborato con successo
2025-05-19 16:12:32,034 - kpi_ofa - INFO - File excel caricato correttamente
2025-05-19 16:12:32,036 - kpi_ofa.ui.widgets.log_widget - INFO - File excel caricato correttamente
2025-05-19 16:12:45,544 - kpi_ofa.ui.widgets.log_widget - INFO - Avvio estrazioni SAP
2025-05-19 16:12:45,544 - kpi_ofa - INFO - Verifico selezione file excel
2025-05-19 16:12:45,547 - kpi_ofa.ui.widgets.log_widget - INFO - Verifico selezione file excel
2025-05-19 16:12:45,549 - kpi_ofa.ui.widgets.log_widget - INFO - Verifica file excel - OK
2025-05-19 16:12:45,549 - kpi_ofa.ui.widgets.date_widget - INFO - Intervallo di date valido: 19/05/2025 - 26/05/2025
2025-05-19 16:12:45,550 - kpi_ofa - INFO - Verifica tecnologie configurate
2025-05-19 16:12:45,553 - kpi_ofa.ui.widgets.log_widget - INFO - Verifica tecnologie configurate
2025-05-19 16:12:45,554 - kpi_ofa - INFO - Verifica tecnologie configurate - OK
2025-05-19 16:12:45,555 - kpi_ofa.ui.widgets.log_widget - INFO - Verifica tecnologie configurate - OK
2025-05-19 16:12:45,560 - kpi_ofa.ui.widgets.log_widget - INFO - Avvio estrazione SAP...
2025-05-19 16:12:45,613 - kpi_ofa - INFO - Connessione SAP attiva
2025-05-19 16:12:45,615 - kpi_ofa.ui.widgets.log_widget - INFO - Connessione SAP attiva
2025-05-19 16:12:45,616 - kpi_ofa - INFO - Estrazione dati IW29
2025-05-19 16:12:45,619 - kpi_ofa.ui.widgets.log_widget - INFO - Estrazione dati IW29
2025-05-19 16:12:45,620 - SAPDataExtractor - INFO - Estrazione IW29_single per tipo 'Lista' con tutti i valori
2025-05-19 16:12:47,941 - SAPDataExtractor - INFO - Copiati 1920 valori nella clipboard per SAP
2025-05-19 16:12:47,941 - SAPDataExtractor - INFO - Valori singoli copiati nella clipboard per SAP
2025-05-19 16:13:03,275 - SAPDataExtractor - INFO - Elimino il contenuto della clipboard
2025-05-19 16:13:05,196 - SAPDataExtractor - INFO - Dati trovati nella clipboard
2025-05-19 16:13:05,197 - SAPDataExtractor - INFO - Dati prelevati dalla clipboard
2025-05-19 16:13:05,197 - SAPDataExtractor - INFO - Eseguita estrazione IW29 per  - Lista
2025-05-19 16:13:05,199 - SAPDataExtractor - INFO - Elaborazione completata. Sono state eseguite 7 sostituzioni.
2025-05-19 16:13:05,200 - SAPDataExtractor - INFO - Righe iniziali: 1930 - Righe finali: 1916.
2025-05-19 16:14:04,336 - SAPDataExtractor - INFO - DataFrame df_Lista creato con 1913 righe
2025-05-19 16:34:00,032 - kpi_ofa - INFO - Applicazione avviata da main.py
2025-05-19 16:34:01,754 - kpi_ofa.core.config_manager - INFO - Configurazione caricata con successo.
2025-05-19 16:34:01,754 - kpi_ofa.core.config_manager - INFO - ConfigManager inizializzato. File di configurazione: c:\Users\a259046\OneDrive - Enel Spa\SCRIPT AHK e VBA\GITHUB\KPI_OFA\config.json
2025-05-19 16:34:02,349 - kpi_ofa.ui.widgets.date_widget - DEBUG - Intervallo date cambiato: 19/05/2025 - 26/05/2025
2025-05-19 16:34:02,349 - kpi_ofa.ui.widgets.date_widget - DEBUG - DateRangeWidget inizializzato
2025-05-19 16:34:02,406 - kpi_ofa.ui.widgets.log_widget - INFO - ExcelDataProcessor inizializzato
2025-05-19 16:34:02,409 - kpi_ofa.ui.widgets.log_widget - INFO - Sistema pronto!
2025-05-19 16:34:11,386 - kpi_ofa - INFO - Selezionato file excel: attivita_utenti_dal_01-04-25_al_29-04-25.xlsx
2025-05-19 16:34:11,393 - kpi_ofa.ui.widgets.log_widget - INFO - Selezionato file excel: attivita_utenti_dal_01-04-25_al_29-04-25.xlsx
2025-05-19 16:34:11,397 - kpi_ofa - INFO - Verifico file excel
2025-05-19 16:34:11,454 - kpi_ofa.ui.widgets.log_widget - INFO - Verifico file excel
2025-05-19 16:34:11,460 - kpi_ofa.ui.widgets.log_widget - INFO - Elaborazione del file Excel: C:/Users/a259046/OneDrive - Enel Spa/SCRIPT AHK e VBA/GITHUB/KPI_OFA/data/attivita_utenti_dal_01-04-25_al_29-04-25.xlsx
2025-05-19 16:34:11,463 - kpi_ofa.ui.widgets.log_widget - INFO - Verifica struttura file Excel
2025-05-19 16:34:11,468 - kpi_ofa.ui.widgets.log_widget - INFO - Verifica del file Excel: C:/Users/a259046/OneDrive - Enel Spa/SCRIPT AHK e VBA/GITHUB/KPI_OFA/data/attivita_utenti_dal_01-04-25_al_29-04-25.xlsx
2025-05-19 16:34:13,194 - kpi_ofa.ui.widgets.log_widget - INFO - Sheet presenti nel file: OnFieldApp.trace_kpi_user_actio
2025-05-19 16:34:13,195 - kpi_ofa.ui.widgets.log_widget - INFO - Sheet 'OnFieldApp.trace_kpi_user_actio' trovato nel file
2025-05-19 16:34:16,415 - kpi_ofa.ui.widgets.log_widget - INFO - Colonne presenti nel file: user, creationDate, country, tecnology, action, idItem, functionalLocation
2025-05-19 16:34:16,417 - kpi_ofa.ui.widgets.log_widget - INFO - File valido: 61121 righe trovate
2025-05-19 16:34:16,418 - kpi_ofa.ui.widgets.log_widget - INFO - Struttura file Excel verificata con successo
2025-05-19 16:34:16,419 - kpi_ofa.ui.widgets.log_widget - INFO - Normalizzazione degli idItem
2025-05-19 16:34:16,421 - kpi_ofa.ui.widgets.log_widget - INFO - Normalizzazione della colonna idItem del DataFrame
2025-05-19 16:34:16,423 - kpi_ofa.ui.widgets.log_widget - INFO - Presenti 61121 idItem nel DataFrame
2025-05-19 16:34:16,453 - kpi_ofa.ui.widgets.log_widget - WARNING - Rimossi 194 valori nulli
2025-05-19 16:34:16,499 - kpi_ofa.ui.widgets.log_widget - INFO - Rimossi 55220 valori duplicati
2025-05-19 16:34:16,501 - kpi_ofa.ui.widgets.log_widget - INFO - Estratti 5707 idItem unici come valori interi
2025-05-19 16:34:16,503 - kpi_ofa.ui.widgets.log_widget - INFO - 55414 righe eliminate durante la normalizzazione
2025-05-19 16:34:16,505 - kpi_ofa.ui.widgets.log_widget - INFO - Estrazione degli Avvisi di Manutenzione (AdM)
2025-05-19 16:34:16,507 - kpi_ofa.ui.widgets.log_widget - INFO - Estrazione AdM - Presenti 5707 idItem nel DataFrame
2025-05-19 16:34:16,513 - kpi_ofa.ui.widgets.log_widget - INFO - Presenti 5707 idItem numerici nel DataFrame
2025-05-19 16:34:16,515 - kpi_ofa.ui.widgets.log_widget - INFO - Filtrati 1920 record con idItem < 2000000000 su 5707 totali
2025-05-19 16:34:16,517 - kpi_ofa.ui.widgets.log_widget - INFO - AdM estratti: 1920
2025-05-19 16:34:16,518 - kpi_ofa.ui.widgets.log_widget - INFO - Estrazione degli Ordini di Manutenzione (OdM)
2025-05-19 16:34:16,521 - kpi_ofa.ui.widgets.log_widget - INFO - Estrazione OdM - Presenti 5707 idItem nel DataFrame
2025-05-19 16:34:16,526 - kpi_ofa.ui.widgets.log_widget - INFO - Presenti 5707 idItem numerici nel DataFrame
2025-05-19 16:34:16,529 - kpi_ofa.ui.widgets.log_widget - INFO - Filtrati 3787 record con idItem >= 2000000000 su 5707 totali
2025-05-19 16:34:16,530 - kpi_ofa.ui.widgets.log_widget - INFO - OdM estratti: 3787
2025-05-19 16:34:16,532 - kpi_ofa.ui.widgets.log_widget - INFO - File Excel elaborato con successo
2025-05-19 16:34:16,532 - kpi_ofa - INFO - File excel caricato correttamente
2025-05-19 16:34:16,533 - kpi_ofa.ui.widgets.log_widget - INFO - File excel caricato correttamente
2025-05-19 16:34:23,166 - kpi_ofa.ui.widgets.log_widget - INFO - Avvio estrazioni SAP
2025-05-19 16:34:23,166 - kpi_ofa - INFO - Verifico selezione file excel
2025-05-19 16:34:23,168 - kpi_ofa.ui.widgets.log_widget - INFO - Verifico selezione file excel
2025-05-19 16:34:23,170 - kpi_ofa.ui.widgets.log_widget - INFO - Verifica file excel - OK
2025-05-19 16:34:23,171 - kpi_ofa.ui.widgets.date_widget - INFO - Intervallo di date valido: 19/05/2025 - 26/05/2025
2025-05-19 16:34:23,171 - kpi_ofa - INFO - Verifica tecnologie configurate
2025-05-19 16:34:23,174 - kpi_ofa.ui.widgets.log_widget - INFO - Verifica tecnologie configurate
2025-05-19 16:34:23,174 - kpi_ofa - INFO - Verifica tecnologie configurate - OK
2025-05-19 16:34:23,176 - kpi_ofa.ui.widgets.log_widget - INFO - Verifica tecnologie configurate - OK
2025-05-19 16:34:23,178 - kpi_ofa.ui.widgets.log_widget - INFO - Avvio estrazione SAP...
2025-05-19 16:34:23,206 - kpi_ofa - INFO - Connessione SAP attiva
2025-05-19 16:34:23,209 - kpi_ofa.ui.widgets.log_widget - INFO - Connessione SAP attiva
2025-05-19 16:34:23,210 - kpi_ofa - INFO - Estrazione dati IW29
2025-05-19 16:34:23,212 - kpi_ofa.ui.widgets.log_widget - INFO - Estrazione dati IW29
2025-05-19 16:34:23,212 - SAPDataExtractor - INFO - Estrazione IW29_single per tipo 'Lista' con tutti i valori
2025-05-19 16:34:25,146 - SAPDataExtractor - INFO - Copiati 1920 valori nella clipboard per SAP
2025-05-19 16:34:25,146 - SAPDataExtractor - INFO - Valori singoli copiati nella clipboard per SAP
2025-05-19 16:34:39,684 - SAPDataExtractor - INFO - Elimino il contenuto della clipboard
2025-05-19 16:34:41,664 - SAPDataExtractor - INFO - Dati trovati nella clipboard
2025-05-19 16:34:41,665 - SAPDataExtractor - INFO - Dati prelevati dalla clipboard
2025-05-19 16:34:41,665 - SAPDataExtractor - INFO - Eseguita estrazione IW29 per  - Lista
2025-05-19 16:42:15,499 - kpi_ofa - INFO - Applicazione avviata da main.py
2025-05-19 16:42:16,905 - kpi_ofa.core.config_manager - INFO - Configurazione caricata con successo.
2025-05-19 16:42:16,906 - kpi_ofa.core.config_manager - INFO - ConfigManager inizializzato. File di configurazione: c:\Users\a259046\OneDrive - Enel Spa\SCRIPT AHK e VBA\GITHUB\KPI_OFA\config.json
2025-05-19 16:42:17,389 - kpi_ofa.ui.widgets.date_widget - DEBUG - Intervallo date cambiato: 19/05/2025 - 26/05/2025
2025-05-19 16:42:17,390 - kpi_ofa.ui.widgets.date_widget - DEBUG - DateRangeWidget inizializzato
2025-05-19 16:42:17,437 - kpi_ofa.ui.widgets.log_widget - INFO - ExcelDataProcessor inizializzato
2025-05-19 16:42:17,440 - kpi_ofa.ui.widgets.log_widget - INFO - Sistema pronto!
2025-05-19 16:42:25,122 - kpi_ofa - INFO - Selezionato file excel: attivita_utenti_dal_01-04-25_al_29-04-25.xlsx
2025-05-19 16:42:25,128 - kpi_ofa.ui.widgets.log_widget - INFO - Selezionato file excel: attivita_utenti_dal_01-04-25_al_29-04-25.xlsx
2025-05-19 16:42:25,129 - kpi_ofa - INFO - Verifico file excel
2025-05-19 16:42:25,174 - kpi_ofa.ui.widgets.log_widget - INFO - Verifico file excel
2025-05-19 16:42:25,180 - kpi_ofa.ui.widgets.log_widget - INFO - Elaborazione del file Excel: C:/Users/a259046/OneDrive - Enel Spa/SCRIPT AHK e VBA/GITHUB/KPI_OFA/data/attivita_utenti_dal_01-04-25_al_29-04-25.xlsx
2025-05-19 16:42:25,182 - kpi_ofa.ui.widgets.log_widget - INFO - Verifica struttura file Excel
2025-05-19 16:42:25,186 - kpi_ofa.ui.widgets.log_widget - INFO - Verifica del file Excel: C:/Users/a259046/OneDrive - Enel Spa/SCRIPT AHK e VBA/GITHUB/KPI_OFA/data/attivita_utenti_dal_01-04-25_al_29-04-25.xlsx
2025-05-19 16:42:26,843 - kpi_ofa.ui.widgets.log_widget - INFO - Sheet presenti nel file: OnFieldApp.trace_kpi_user_actio
2025-05-19 16:42:26,845 - kpi_ofa.ui.widgets.log_widget - INFO - Sheet 'OnFieldApp.trace_kpi_user_actio' trovato nel file
2025-05-19 16:42:29,978 - kpi_ofa.ui.widgets.log_widget - INFO - Colonne presenti nel file: user, creationDate, country, tecnology, action, idItem, functionalLocation
2025-05-19 16:42:29,980 - kpi_ofa.ui.widgets.log_widget - INFO - File valido: 61121 righe trovate
2025-05-19 16:42:29,981 - kpi_ofa.ui.widgets.log_widget - INFO - Struttura file Excel verificata con successo
2025-05-19 16:42:29,982 - kpi_ofa.ui.widgets.log_widget - INFO - Normalizzazione degli idItem
2025-05-19 16:42:29,984 - kpi_ofa.ui.widgets.log_widget - INFO - Normalizzazione della colonna idItem del DataFrame
2025-05-19 16:42:29,986 - kpi_ofa.ui.widgets.log_widget - INFO - Presenti 61121 idItem nel DataFrame
2025-05-19 16:42:30,033 - kpi_ofa.ui.widgets.log_widget - WARNING - Rimossi 194 valori nulli
2025-05-19 16:42:30,131 - kpi_ofa.ui.widgets.log_widget - INFO - Rimossi 55220 valori duplicati
2025-05-19 16:42:30,133 - kpi_ofa.ui.widgets.log_widget - INFO - Estratti 5707 idItem unici come valori interi
2025-05-19 16:42:30,136 - kpi_ofa.ui.widgets.log_widget - INFO - 55414 righe eliminate durante la normalizzazione
2025-05-19 16:42:30,137 - kpi_ofa.ui.widgets.log_widget - INFO - Estrazione degli Avvisi di Manutenzione (AdM)
2025-05-19 16:42:30,140 - kpi_ofa.ui.widgets.log_widget - INFO - Estrazione AdM - Presenti 5707 idItem nel DataFrame
2025-05-19 16:42:30,147 - kpi_ofa.ui.widgets.log_widget - INFO - Presenti 5707 idItem numerici nel DataFrame
2025-05-19 16:42:30,151 - kpi_ofa.ui.widgets.log_widget - INFO - Filtrati 1920 record con idItem < 2000000000 su 5707 totali
2025-05-19 16:42:30,152 - kpi_ofa.ui.widgets.log_widget - INFO - AdM estratti: 1920
2025-05-19 16:42:30,154 - kpi_ofa.ui.widgets.log_widget - INFO - Estrazione degli Ordini di Manutenzione (OdM)
2025-05-19 16:42:30,156 - kpi_ofa.ui.widgets.log_widget - INFO - Estrazione OdM - Presenti 5707 idItem nel DataFrame
2025-05-19 16:42:30,163 - kpi_ofa.ui.widgets.log_widget - INFO - Presenti 5707 idItem numerici nel DataFrame
2025-05-19 16:42:30,166 - kpi_ofa.ui.widgets.log_widget - INFO - Filtrati 3787 record con idItem >= 2000000000 su 5707 totali
2025-05-19 16:42:30,168 - kpi_ofa.ui.widgets.log_widget - INFO - OdM estratti: 3787
2025-05-19 16:42:30,169 - kpi_ofa.ui.widgets.log_widget - INFO - File Excel elaborato con successo
2025-05-19 16:42:30,169 - kpi_ofa - INFO - File excel caricato correttamente
2025-05-19 16:42:30,171 - kpi_ofa.ui.widgets.log_widget - INFO - File excel caricato correttamente
2025-05-19 16:42:32,757 - kpi_ofa.ui.widgets.log_widget - INFO - Avvio estrazioni SAP
2025-05-19 16:42:32,757 - kpi_ofa - INFO - Verifico selezione file excel
2025-05-19 16:42:32,760 - kpi_ofa.ui.widgets.log_widget - INFO - Verifico selezione file excel
2025-05-19 16:42:32,761 - kpi_ofa.ui.widgets.log_widget - INFO - Verifica file excel - OK
2025-05-19 16:42:32,762 - kpi_ofa.ui.widgets.date_widget - INFO - Intervallo di date valido: 19/05/2025 - 26/05/2025
2025-05-19 16:42:32,762 - kpi_ofa - INFO - Verifica tecnologie configurate
2025-05-19 16:42:32,764 - kpi_ofa.ui.widgets.log_widget - INFO - Verifica tecnologie configurate
2025-05-19 16:42:32,764 - kpi_ofa - INFO - Verifica tecnologie configurate - OK
2025-05-19 16:42:32,766 - kpi_ofa.ui.widgets.log_widget - INFO - Verifica tecnologie configurate - OK
2025-05-19 16:42:32,769 - kpi_ofa.ui.widgets.log_widget - INFO - Avvio estrazione SAP...
2025-05-19 16:42:32,800 - kpi_ofa - INFO - Connessione SAP attiva
2025-05-19 16:42:32,803 - kpi_ofa.ui.widgets.log_widget - INFO - Connessione SAP attiva
2025-05-19 16:42:32,804 - kpi_ofa - INFO - Estrazione dati IW29
2025-05-19 16:42:32,806 - kpi_ofa.ui.widgets.log_widget - INFO - Estrazione dati IW29
2025-05-19 16:42:32,807 - SAPDataExtractor - INFO - Estrazione IW29_single per tipo 'Lista' con tutti i valori
2025-05-19 16:42:35,070 - SAPDataExtractor - INFO - Copiati 1920 valori nella clipboard per SAP
2025-05-19 16:42:35,070 - SAPDataExtractor - INFO - Valori singoli copiati nella clipboard per SAP
2025-05-19 16:42:50,067 - SAPDataExtractor - INFO - Elimino il contenuto della clipboard
2025-05-19 16:42:52,040 - SAPDataExtractor - INFO - Dati trovati nella clipboard
2025-05-19 16:42:52,042 - SAPDataExtractor - INFO - Dati prelevati dalla clipboard
2025-05-19 16:42:52,042 - SAPDataExtractor - INFO - Eseguita estrazione IW29 per  - Lista
2025-05-19 16:43:01,968 - SAPDataExtractor - INFO - Elaborazione completata. Sono state eseguite 7 sostituzioni.
2025-05-19 16:43:01,969 - SAPDataExtractor - INFO - Righe iniziali: 1930 - Righe finali: 1923.
2025-05-19 16:43:23,500 - SAPDataExtractor - INFO - DataFrame df_Lista creato con 1920 righe
2025-05-21 11:25:24,722 - kpi_ofa - INFO - Applicazione avviata da main.py
2025-05-21 11:25:26,209 - kpi_ofa.core.config_manager - INFO - Configurazione caricata con successo.
2025-05-21 11:25:26,209 - kpi_ofa.core.config_manager - INFO - ConfigManager inizializzato. File di configurazione: c:\Users\a259046\OneDrive - Enel Spa\SCRIPT AHK e VBA\GITHUB\KPI_OFA\config.json
2025-05-21 11:25:26,704 - kpi_ofa.ui.widgets.date_widget - DEBUG - Intervallo date cambiato: 21/05/2025 - 28/05/2025
2025-05-21 11:25:26,704 - kpi_ofa.ui.widgets.date_widget - DEBUG - DateRangeWidget inizializzato
2025-05-21 11:25:26,782 - kpi_ofa.ui.widgets.log_widget - INFO - ExcelDataProcessor inizializzato
2025-05-21 11:25:26,785 - kpi_ofa.ui.widgets.log_widget - INFO - Sistema pronto!
2025-05-21 11:25:30,301 - kpi_ofa.ui.config_dialog - INFO - Configurazione caricata nei controlli
2025-05-21 11:25:30,301 - kpi_ofa.ui.config_dialog - INFO - Finestra di configurazione inizializzata
2025-05-21 11:25:37,021 - kpi_ofa.core.config_manager - INFO - Configurazione salvata con successo.
2025-05-21 11:25:38,821 - kpi_ofa - INFO - Configurazione salvata con successo
2025-05-21 11:25:38,853 - kpi_ofa.ui.widgets.log_widget - INFO - Configurazione salvata con successo
2025-05-21 11:25:38,853 - kpi_ofa.ui.config_dialog - INFO - Configurazione salvata con successo
2025-05-21 11:25:38,860 - kpi_ofa - INFO - Configurazione aggiornata
2025-05-21 11:25:38,862 - kpi_ofa.ui.widgets.log_widget - INFO - Configurazione aggiornata
2025-05-21 11:25:45,341 - kpi_ofa.ui.config_dialog - INFO - Configurazione caricata nei controlli
2025-05-21 11:25:45,341 - kpi_ofa.ui.config_dialog - INFO - Finestra di configurazione inizializzata
2025-05-21 11:25:48,281 - kpi_ofa.core.config_manager - INFO - Configurazione salvata con successo.
2025-05-21 11:25:49,444 - kpi_ofa - INFO - Configurazione salvata con successo
2025-05-21 11:25:49,445 - kpi_ofa.ui.widgets.log_widget - INFO - Configurazione salvata con successo
2025-05-21 11:25:49,446 - kpi_ofa.ui.config_dialog - INFO - Configurazione salvata con successo
2025-05-21 11:25:49,452 - kpi_ofa - INFO - Configurazione aggiornata
2025-05-21 11:25:49,454 - kpi_ofa.ui.widgets.log_widget - INFO - Configurazione aggiornata
